In file included from ../../src/mat4.hpp:8:0,
                 from ../../src/Game.h:5,
                 from ../../src/Game.cpp:1:
../../src/math_etc.hpp:3:0: warning: "M_PI" redefined
 #define M_PI 3.141592653589793238462643383279502884197169399375105820974944592307816406286208998628034825342117067982148086
 ^
In file included from /usr/include/SDL2/SDL_stdinc.h:74:0,
                 from /usr/include/SDL2/SDL_main.h:25,
                 from /usr/include/SDL2/SDL.h:67,
                 from ../../src/ClockTimer.h:2,
                 from ../../src/Game.h:4,
                 from ../../src/Game.cpp:1:
/usr/include/math.h:373:0: note: this is the location of the previous definition
 # define M_PI  3.14159265358979323846 /* pi */
 ^
In file included from ../../src/vec3.hpp:4:0,
                 from ../../src/mat4.hpp:9,
                 from ../../src/Game.h:5,
                 from ../../src/Game.cpp:1:
../../src/vec2.hpp:156:8: warning: extra tokens at end of #endif directive [-Wendif-labels]
 #endif VEC2_CROSS_PRODUCT
        ^
In file included from ../../src/typedefs.h:13:0,
                 from ../../src/Game.h:8,
                 from ../../src/Game.cpp:1:
../../src/ShaderUniform.h: In member function ‘bool ShaderUniform::is_valid()’:
../../src/ShaderUniform.h:48:33: warning: comparison between signed and unsigned integer expressions [-Wsign-compare]
   bool is_valid() { return (obj != -1); } 
                                 ^
In file included from ../../src/Game.cpp:3:0:
../../src/Player.h: In constructor ‘Player::Player(Vec2, Vec2, Vec2, Vec4)’:
../../src/Player.h:27:8: warning: ‘Player::size’ will be initialized after [-Wreorder]
   Vec2 size;
        ^
../../src/Player.h:26:8: warning:   ‘Vec2 Player::velocity’ [-Wreorder]
   Vec2 velocity;
        ^
../../src/Player.h:13:3: warning:   when initialized here [-Wreorder]
   Player(Vec2 pos, Vec2 size, Vec2 velocity , Vec4 color)
   ^
