In file included from ../../src/ImageTexture.cpp:1:0:
../../src/ImageTexture.h: In constructor ‘ImageTexture::ImageTexture(const std::shared_ptr<IDevice>&, const char*)’:
../../src/ImageTexture.h:26:37: warning: ‘ImageTexture::device’ will be initialized after [-Wreorder]
   std::shared_ptr<IDevice> device = nullptr;
                                     ^
../../src/ImageTexture.h:25:18: warning:   ‘Texture* ImageTexture::tex’ [-Wreorder]
   Texture* tex = nullptr;
                  ^
../../src/ImageTexture.cpp:4:1: warning:   when initialized here [-Wreorder]
 ImageTexture::ImageTexture(const std::shared_ptr<IDevice>& dev, const char* path) : device(dev), tex(new Texture(dev)), is(new ImageSurface(path)){
 ^
In file included from ../../src/ImageTexture.cpp:1:0:
../../src/ImageTexture.h:25:18: warning: ‘ImageTexture::tex’ will be initialized after [-Wreorder]
   Texture* tex = nullptr;
                  ^
../../src/ImageTexture.h:23:22: warning:   ‘ImageSurface* ImageTexture::is’ [-Wreorder]
   ImageSurface* is = nullptr;
                      ^
../../src/ImageTexture.cpp:4:1: warning:   when initialized here [-Wreorder]
 ImageTexture::ImageTexture(const std::shared_ptr<IDevice>& dev, const char* path) : device(dev), tex(new Texture(dev)), is(new ImageSurface(path)){
 ^
../../src/ImageTexture.cpp: In destructor ‘ImageTexture::~ImageTexture()’:
../../src/ImageTexture.cpp:16:9: warning: deleting object of polymorphic class type ‘Texture’ which has non-virtual destructor might cause undefined behaviour [-Wdelete-non-virtual-dtor]
  delete tex;
         ^
