In file included from ../../src/LightStruct.h:4:0,
                 from ../../src/Level.h:3,
                 from ../../src/Level.cpp:1:
../../src/vec2.hpp:156:8: warning: extra tokens at end of #endif directive [-Wendif-labels]
 #endif VEC2_CROSS_PRODUCT
        ^
In file included from ../../src/Progressor.h:3:0,
                 from ../../src/Player.h:5,
                 from ../../src/Level.h:6,
                 from ../../src/Level.cpp:1:
../../src/Entity.h: In constructor ‘Entity::Entity(Vec2, Vec2, Vec2, Vec4)’:
../../src/Entity.h:100:8: warning: ‘Entity::size’ will be initialized after [-Wreorder]
   Vec2 size;
        ^
../../src/Entity.h:99:8: warning:   ‘Vec2 Entity::velocity’ [-Wreorder]
   Vec2 velocity;
        ^
../../src/Entity.h:37:3: warning:   when initialized here [-Wreorder]
   Entity(Vec2 pos, Vec2 size, Vec2 velocity, Vec4 color)
   ^
../../src/Entity.h: In member function ‘virtual bool Entity::DeathAnimation(float)’:
../../src/Entity.h:84:3: warning: no return statement in function returning non-void [-Wreturn-type]
   }
   ^
In file included from ../../src/FreeTypeText.h:8:0,
                 from ../../src/Player.h:26,
                 from ../../src/Level.h:6,
                 from ../../src/Level.cpp:1:
../../src/ShaderUniform.h: In member function ‘bool ShaderUniform::is_valid()’:
../../src/ShaderUniform.h:48:33: warning: comparison between signed and unsigned integer expressions [-Wsign-compare]
   bool is_valid() { return (obj != -1); } 
                                 ^
In file included from ../../src/Player.h:26:0,
                 from ../../src/Level.h:6,
                 from ../../src/Level.cpp:1:
../../src/FreeTypeText.h: In destructor ‘TextRendererShader::~TextRendererShader()’:
../../src/FreeTypeText.h:89:11: warning: deleting object of polymorphic class type ‘ShaderUniform’ which has non-virtual destructor might cause undefined behaviour [-Wdelete-non-virtual-dtor]
    delete tex;
           ^
../../src/FreeTypeText.h:90:11: warning: deleting object of polymorphic class type ‘ShaderUniform’ which has non-virtual destructor might cause undefined behaviour [-Wdelete-non-virtual-dtor]
    delete clr;
           ^
../../src/FreeTypeText.h:91:11: warning: deleting object of polymorphic class type ‘ShaderUniform’ which has non-virtual destructor might cause undefined behaviour [-Wdelete-non-virtual-dtor]
    delete transform;
           ^
../../src/FreeTypeText.h:92:11: warning: deleting object of polymorphic class type ‘ShaderUniform’ which has non-virtual destructor might cause undefined behaviour [-Wdelete-non-virtual-dtor]
    delete view;
           ^
../../src/FreeTypeText.h:93:11: warning: deleting object of polymorphic class type ‘ShaderUniform’ which has non-virtual destructor might cause undefined behaviour [-Wdelete-non-virtual-dtor]
    delete proj;
           ^
../../src/FreeTypeText.h:94:11: warning: deleting object of polymorphic class type ‘Shader’ which has non-virtual destructor might cause undefined behaviour [-Wdelete-non-virtual-dtor]
    delete vs;
           ^
../../src/FreeTypeText.h:95:11: warning: deleting object of polymorphic class type ‘Shader’ which has non-virtual destructor might cause undefined behaviour [-Wdelete-non-virtual-dtor]
    delete fs;
           ^
../../src/FreeTypeText.h:96:11: warning: deleting object of polymorphic class type ‘ShaderProgram’ which has non-virtual destructor might cause undefined behaviour [-Wdelete-non-virtual-dtor]
    delete sp;
           ^
../../src/FreeTypeText.h: In constructor ‘TextRenderer::TextRenderer(const std::shared_ptr<IDevice>&, std::__cxx11::string)’:
../../src/FreeTypeText.h:161:27: warning: narrowing conversion of ‘((TextRenderer*)this)->TextRenderer::font->FT_FaceRec_::glyph->FT_GlyphSlotRec_::advance.FT_Vector_::x’ from ‘FT_Pos {aka long int}’ to ‘int’ inside { } [-Wnarrowing]
      font->glyph->advance.x
                           ^
In file included from ../../src/Progressor.h:4:0,
                 from ../../src/Player.h:5,
                 from ../../src/Level.h:6,
                 from ../../src/Level.cpp:1:
../../src/Block.h: In static member function ‘static Vec4 Block::get_uv_from_type(int)’:
../../src/Block.h:90:3: warning: control reaches end of non-void function [-Wreturn-type]
   }
   ^
../../src/Block.h: In member function ‘virtual Vec4 Block::getUvs()’:
../../src/Block.h:169:3: warning: control reaches end of non-void function [-Wreturn-type]
   }
   ^
In file included from ../../src/EntityManager.h:8:0,
                 from ../../src/Level.h:8,
                 from ../../src/Level.cpp:1:
../../src/BackgroundSprites.h: In member function ‘virtual Vec4 BackgroundBlock::getUvs()’:
../../src/BackgroundSprites.h:67:3: warning: control reaches end of non-void function [-Wreturn-type]
   }
   ^
../../src/BackgroundSprites.h: In member function ‘virtual Vec4 BackgroundBlockStatic::getUvs()’:
../../src/BackgroundSprites.h:129:3: warning: control reaches end of non-void function [-Wreturn-type]
   }
   ^
