In file included from ../../src/LightShader.h:6:0,
                 from ../../src/LightShader.cpp:1:
../../src/vec2.hpp:156:8: warning: extra tokens at end of #endif directive [-Wendif-labels]
 #endif VEC2_CROSS_PRODUCT
        ^
In file included from ../../src/mat4.hpp:8:0,
                 from ../../src/LightShader.cpp:2:
../../src/math_etc.hpp:3:0: warning: "M_PI" redefined
 #define M_PI 3.141592653589793238462643383279502884197169399375105820974944592307816406286208998628034825342117067982148086
 ^
In file included from /usr/include/SDL2/SDL_stdinc.h:74:0,
                 from /usr/include/SDL2/SDL_main.h:25,
                 from /usr/include/SDL2/SDL.h:67,
                 from ../../src/IDevice.h:15,
                 from ../../src/LightShader.h:4,
                 from ../../src/LightShader.cpp:1:
/usr/include/math.h:373:0: note: this is the location of the previous definition
 # define M_PI  3.14159265358979323846 /* pi */
 ^
In file included from ../../src/LightShader.h:5:0,
                 from ../../src/LightShader.cpp:1:
../../src/ShaderUniform.h: In member function ‘bool ShaderUniform::is_valid()’:
../../src/ShaderUniform.h:48:33: warning: comparison between signed and unsigned integer expressions [-Wsign-compare]
   bool is_valid() { return (obj != -1); } 
                                 ^
../../src/LightShader.cpp: In destructor ‘LightShader::~LightShader()’:
../../src/LightShader.cpp:80:9: warning: deleting object of polymorphic class type ‘ShaderUniform’ which has non-virtual destructor might cause undefined behaviour [-Wdelete-non-virtual-dtor]
  delete tex;
         ^
../../src/LightShader.cpp:81:9: warning: deleting object of polymorphic class type ‘ShaderUniform’ which has non-virtual destructor might cause undefined behaviour [-Wdelete-non-virtual-dtor]
  delete projMat;
         ^
../../src/LightShader.cpp:82:9: warning: deleting object of polymorphic class type ‘ShaderUniform’ which has non-virtual destructor might cause undefined behaviour [-Wdelete-non-virtual-dtor]
  delete viewMat;
         ^
../../src/LightShader.cpp:83:9: warning: deleting object of polymorphic class type ‘ShaderUniform’ which has non-virtual destructor might cause undefined behaviour [-Wdelete-non-virtual-dtor]
  delete textured;
         ^
../../src/LightShader.cpp:84:9: warning: deleting object of polymorphic class type ‘Shader’ which has non-virtual destructor might cause undefined behaviour [-Wdelete-non-virtual-dtor]
  delete vs;
         ^
../../src/LightShader.cpp:85:9: warning: deleting object of polymorphic class type ‘Shader’ which has non-virtual destructor might cause undefined behaviour [-Wdelete-non-virtual-dtor]
  delete fs;
         ^
../../src/LightShader.cpp:86:9: warning: deleting object of polymorphic class type ‘ShaderProgram’ which has non-virtual destructor might cause undefined behaviour [-Wdelete-non-virtual-dtor]
  delete sp;
         ^
