In file included from ../../src/FreeTypeText.h:10:0,
                 from ../../src/FreeTypeText.cpp:1:
../../src/vec2.hpp:156:8: warning: extra tokens at end of #endif directive [-Wendif-labels]
 #endif VEC2_CROSS_PRODUCT
        ^
In file included from ../../src/FreeTypeText.h:8:0,
                 from ../../src/FreeTypeText.cpp:1:
../../src/ShaderUniform.h: In member function ‘bool ShaderUniform::is_valid()’:
../../src/ShaderUniform.h:48:33: warning: comparison between signed and unsigned integer expressions [-Wsign-compare]
   bool is_valid() { return (obj != -1); } 
                                 ^
In file included from ../../src/FreeTypeText.cpp:1:0:
../../src/FreeTypeText.h: In destructor ‘TextRendererShader::~TextRendererShader()’:
../../src/FreeTypeText.h:89:11: warning: deleting object of polymorphic class type ‘ShaderUniform’ which has non-virtual destructor might cause undefined behaviour [-Wdelete-non-virtual-dtor]
    delete tex;
           ^
../../src/FreeTypeText.h:90:11: warning: deleting object of polymorphic class type ‘ShaderUniform’ which has non-virtual destructor might cause undefined behaviour [-Wdelete-non-virtual-dtor]
    delete clr;
           ^
../../src/FreeTypeText.h:91:11: warning: deleting object of polymorphic class type ‘ShaderUniform’ which has non-virtual destructor might cause undefined behaviour [-Wdelete-non-virtual-dtor]
    delete transform;
           ^
../../src/FreeTypeText.h:92:11: warning: deleting object of polymorphic class type ‘ShaderUniform’ which has non-virtual destructor might cause undefined behaviour [-Wdelete-non-virtual-dtor]
    delete view;
           ^
../../src/FreeTypeText.h:93:11: warning: deleting object of polymorphic class type ‘ShaderUniform’ which has non-virtual destructor might cause undefined behaviour [-Wdelete-non-virtual-dtor]
    delete proj;
           ^
../../src/FreeTypeText.h:94:11: warning: deleting object of polymorphic class type ‘Shader’ which has non-virtual destructor might cause undefined behaviour [-Wdelete-non-virtual-dtor]
    delete vs;
           ^
../../src/FreeTypeText.h:95:11: warning: deleting object of polymorphic class type ‘Shader’ which has non-virtual destructor might cause undefined behaviour [-Wdelete-non-virtual-dtor]
    delete fs;
           ^
../../src/FreeTypeText.h:96:11: warning: deleting object of polymorphic class type ‘ShaderProgram’ which has non-virtual destructor might cause undefined behaviour [-Wdelete-non-virtual-dtor]
    delete sp;
           ^
../../src/FreeTypeText.h: In constructor ‘TextRenderer::TextRenderer(const std::shared_ptr<IDevice>&, std::__cxx11::string)’:
../../src/FreeTypeText.h:161:27: warning: narrowing conversion of ‘((TextRenderer*)this)->TextRenderer::font->FT_FaceRec_::glyph->FT_GlyphSlotRec_::advance.FT_Vector_::x’ from ‘FT_Pos {aka long int}’ to ‘int’ inside { } [-Wnarrowing]
      font->glyph->advance.x
                           ^
