In file included from ../../src/mat4.hpp:8:0,
                 from ../../src/TextShader.cpp:2:
../../src/math_etc.hpp:3:0: warning: "M_PI" redefined
 #define M_PI 3.141592653589793238462643383279502884197169399375105820974944592307816406286208998628034825342117067982148086
 ^
In file included from /usr/include/SDL2/SDL_stdinc.h:74:0,
                 from /usr/include/SDL2/SDL_main.h:25,
                 from /usr/include/SDL2/SDL.h:67,
                 from ../../src/IDevice.h:15,
                 from ../../src/TextShader.h:3,
                 from ../../src/TextShader.cpp:1:
/usr/include/math.h:373:0: note: this is the location of the previous definition
 # define M_PI  3.14159265358979323846 /* pi */
 ^
In file included from ../../src/vec3.hpp:4:0,
                 from ../../src/mat4.hpp:9,
                 from ../../src/TextShader.cpp:2:
../../src/vec2.hpp:156:8: warning: extra tokens at end of #endif directive [-Wendif-labels]
 #endif VEC2_CROSS_PRODUCT
        ^
In file included from ../../src/TextShader.cpp:3:0:
../../src/ShaderUniform.h: In member function ‘bool ShaderUniform::is_valid()’:
../../src/ShaderUniform.h:48:33: warning: comparison between signed and unsigned integer expressions [-Wsign-compare]
   bool is_valid() { return (obj != -1); } 
                                 ^
../../src/TextShader.cpp: In destructor ‘TextShader::~TextShader()’:
../../src/TextShader.cpp:67:9: warning: deleting object of polymorphic class type ‘Shader’ which has non-virtual destructor might cause undefined behaviour [-Wdelete-non-virtual-dtor]
  delete vs;
         ^
../../src/TextShader.cpp:68:9: warning: deleting object of polymorphic class type ‘Shader’ which has non-virtual destructor might cause undefined behaviour [-Wdelete-non-virtual-dtor]
  delete fs;
         ^
../../src/TextShader.cpp:69:9: warning: deleting object of polymorphic class type ‘ShaderProgram’ which has non-virtual destructor might cause undefined behaviour [-Wdelete-non-virtual-dtor]
  delete sp;
         ^
../../src/TextShader.cpp:70:9: warning: deleting object of polymorphic class type ‘ShaderUniform’ which has non-virtual destructor might cause undefined behaviour [-Wdelete-non-virtual-dtor]
  delete projection_uniform;
         ^
../../src/TextShader.cpp:71:9: warning: deleting object of polymorphic class type ‘ShaderUniform’ which has non-virtual destructor might cause undefined behaviour [-Wdelete-non-virtual-dtor]
  delete view_uniform;
         ^
../../src/TextShader.cpp:72:9: warning: deleting object of polymorphic class type ‘ShaderUniform’ which has non-virtual destructor might cause undefined behaviour [-Wdelete-non-virtual-dtor]
  delete view_active_uniform;
         ^
../../src/TextShader.cpp:73:9: warning: deleting object of polymorphic class type ‘ShaderUniform’ which has non-virtual destructor might cause undefined behaviour [-Wdelete-non-virtual-dtor]
  delete tex_uniform;
         ^
