In file included from ../../src/Entity.h:10:0,
                 from ../../src/Block.h:3,
                 from ../../src/EntityManager.h:4,
                 from ../../src/EntityManager.cpp:1:
../../src/vec2.hpp:156:8: warning: extra tokens at end of #endif directive [-Wendif-labels]
 #endif VEC2_CROSS_PRODUCT
        ^
In file included from ../../src/Block.h:3:0,
                 from ../../src/EntityManager.h:4,
                 from ../../src/EntityManager.cpp:1:
../../src/Entity.h: In constructor 'Entity::Entity(Vec2, Vec2, Vec2, Vec4)':
../../src/Entity.h:102:8: warning: 'Entity::size' will be initialized after [-Wreorder]
   Vec2 size;
        ^
../../src/Entity.h:101:8: warning:   'Vec2 Entity::velocity' [-Wreorder]
   Vec2 velocity;
        ^
../../src/Entity.h:38:3: warning:   when initialized here [-Wreorder]
   Entity(Vec2 pos, Vec2 size, Vec2 velocity, Vec4 color)
   ^
../../src/Entity.h: In member function 'virtual bool Entity::DeathAnimation(float)':
../../src/Entity.h:86:3: warning: no return statement in function returning non-void [-Wreturn-type]
   }
   ^
In file included from ../../src/FreeTypeText.h:8:0,
                 from ../../src/EntityManager.cpp:2:
../../src/ShaderUniform.h: In member function 'bool ShaderUniform::is_valid()':
../../src/ShaderUniform.h:48:33: warning: comparison between signed and unsigned integer expressions [-Wsign-compare]
   bool is_valid() { return (obj != -1); } 
                                 ^
In file included from ../../src/EntityManager.cpp:2:0:
../../src/FreeTypeText.h: In destructor 'TextRendererShader::~TextRendererShader()':
../../src/FreeTypeText.h:89:11: warning: deleting object of polymorphic class type 'ShaderUniform' which has non-virtual destructor might cause undefined behaviour [-Wdelete-non-virtual-dtor]
    delete tex;
           ^
../../src/FreeTypeText.h:90:11: warning: deleting object of polymorphic class type 'ShaderUniform' which has non-virtual destructor might cause undefined behaviour [-Wdelete-non-virtual-dtor]
    delete clr;
           ^
../../src/FreeTypeText.h:91:11: warning: deleting object of polymorphic class type 'ShaderUniform' which has non-virtual destructor might cause undefined behaviour [-Wdelete-non-virtual-dtor]
    delete transform;
           ^
../../src/FreeTypeText.h:92:11: warning: deleting object of polymorphic class type 'ShaderUniform' which has non-virtual destructor might cause undefined behaviour [-Wdelete-non-virtual-dtor]
    delete view;
           ^
../../src/FreeTypeText.h:93:11: warning: deleting object of polymorphic class type 'ShaderUniform' which has non-virtual destructor might cause undefined behaviour [-Wdelete-non-virtual-dtor]
    delete proj;
           ^
../../src/FreeTypeText.h:94:11: warning: deleting object of polymorphic class type 'Shader' which has non-virtual destructor might cause undefined behaviour [-Wdelete-non-virtual-dtor]
    delete vs;
           ^
../../src/FreeTypeText.h:95:11: warning: deleting object of polymorphic class type 'Shader' which has non-virtual destructor might cause undefined behaviour [-Wdelete-non-virtual-dtor]
    delete fs;
           ^
../../src/FreeTypeText.h:96:11: warning: deleting object of polymorphic class type 'ShaderProgram' which has non-virtual destructor might cause undefined behaviour [-Wdelete-non-virtual-dtor]
    delete sp;
           ^
../../src/EntityManager.cpp: In member function 'void EntityManager::update(float)':
../../src/EntityManager.cpp:83:19: warning: comparison between signed and unsigned integer expressions [-Wsign-compare]
  for(int i = 0; i < basicEnemies.size(); ++i){
                   ^
../../src/EntityManager.cpp:90:19: warning: comparison between signed and unsigned integer expressions [-Wsign-compare]
  for(int i = 0; i < jumpingEnemies.size(); ++i){
                   ^
../../src/EntityManager.cpp:97:19: warning: comparison between signed and unsigned integer expressions [-Wsign-compare]
  for(int i = 0; i < coins.size(); ++i){
                   ^
In file included from ../../src/EntityManager.h:4:0,
                 from ../../src/EntityManager.cpp:1:
../../src/Block.h: In member function 'virtual Vec4 Block::getUvs()':
../../src/Block.h:169:3: warning: control reaches end of non-void function [-Wreturn-type]
   }
   ^
In file included from ../../src/EntityManager.h:9:0,
                 from ../../src/EntityManager.cpp:1:
../../src/BackgroundSprites.h: In member function 'virtual Vec4 BackgroundBlock::getUvs()':
../../src/BackgroundSprites.h:67:3: warning: control reaches end of non-void function [-Wreturn-type]
   }
   ^
../../src/BackgroundSprites.h: In member function 'virtual Vec4 BackgroundBlockStatic::getUvs()':
../../src/BackgroundSprites.h:129:3: warning: control reaches end of non-void function [-Wreturn-type]
   }
   ^
In file included from ../../src/EntityManager.h:4:0,
                 from ../../src/EntityManager.cpp:1:
../../src/Block.h: In static member function 'static Vec4 Block::get_uv_from_type(int)':
../../src/Block.h:90:3: warning: control reaches end of non-void function [-Wreturn-type]
   }
   ^
