In file included from ../../src/GameCamera.h:4:0,
                 from ../../src/GameCamera.cpp:1:
../../src/vec2.hpp:156:8: warning: extra tokens at end of #endif directive [-Wendif-labels]
 #endif VEC2_CROSS_PRODUCT
        ^
In file included from ../../src/GameCamera.cpp:1:0:
../../src/GameCamera.h: In constructor 'GameCamera::GameCamera(Vec2, Vec2, Vec2, Vec2)':
../../src/GameCamera.h:28:32: warning: 'GameCamera::lowerLimits' will be initialized after [-Wreorder]
   Vec2 lowerLimits=Vec2(-100000);
                                ^
../../src/GameCamera.h:24:8: warning:   'Vec2 GameCamera::screenResolution' [-Wreorder]
   Vec2 screenResolution;
        ^
In file included from ../../src/GameCamera.cpp:1:0:
../../src/GameCamera.h:12:3: warning:   when initialized here [-Wreorder]
   GameCamera(Vec2 pos, Vec2 screenResolution, Vec2 limits, Vec2 lowerLimits) : pos(pos), limits(limits), lowerLimits(lowerLimits), screenResolution(screenResolution) {}
   ^
In file included from ../../src/GameCamera.cpp:1:0:
../../src/GameCamera.h: In member function 'Vec2 GameCamera::transform(Vec2)':
../../src/GameCamera.h:17:88: warning: no return statement in function returning non-void [-Wreturn-type]
   inline Vec2 transform( Vec2 offset ) { pos.x() += offset.x(); pos.y() += offset.y(); }
                                                                                        ^
In file included from ../../src/Progressor.h:3:0,
                 from ../../src/Player.h:5,
                 from ../../src/GameCamera.cpp:2:
../../src/Entity.h: In constructor 'Entity::Entity(Vec2, Vec2, Vec2, Vec4)':
../../src/Entity.h:77:8: warning: 'Entity::size' will be initialized after [-Wreorder]
   Vec2 size;
        ^
../../src/Entity.h:76:8: warning:   'Vec2 Entity::velocity' [-Wreorder]
   Vec2 velocity;
        ^
../../src/Entity.h:31:3: warning:   when initialized here [-Wreorder]
   Entity(Vec2 pos, Vec2 size, Vec2 velocity, Vec4 color)
   ^
../../src/Entity.h: In member function 'virtual bool Entity::DeathAnimation(float)':
../../src/Entity.h:67:3: warning: no return statement in function returning non-void [-Wreturn-type]
   }
   ^
