In file included from ../../src/mat4.hpp:8:0,
                 from ../../src/Game.h:5,
                 from ../../src/Game.cpp:1:
../../src/math_etc.hpp:3:0: warning: "M_PI" redefined
 #define M_PI 3.141592653589793238462643383279502884197169399375105820974944592307816406286208998628034825342117067982148086
 ^
In file included from C:/TDM-GCC-32/lib/gcc/mingw32/5.1.0/include/c++/cmath:44:0,
                 from ../../src/mat4.hpp:2,
                 from ../../src/Game.h:5,
                 from ../../src/Game.cpp:1:
C:/TDM-GCC-32/include/math.h:58:0: note: this is the location of the previous definition
 #define M_PI  3.14159265358979323846
 ^
In file included from ../../src/vec3.hpp:4:0,
                 from ../../src/mat4.hpp:9,
                 from ../../src/Game.h:5,
                 from ../../src/Game.cpp:1:
../../src/vec2.hpp:156:8: warning: extra tokens at end of #endif directive [-Wendif-labels]
 #endif VEC2_CROSS_PRODUCT
        ^
In file included from ../../src/typedefs.h:13:0,
                 from ../../src/Game.h:8,
                 from ../../src/Game.cpp:1:
../../src/ShaderUniform.h: In member function 'bool ShaderUniform::is_valid()':
../../src/ShaderUniform.h:48:33: warning: comparison between signed and unsigned integer expressions [-Wsign-compare]
   bool is_valid() { return (obj != -1); } 
                                 ^
In file included from ../../src/Game.cpp:2:0:
../../src/BasicEnemy.h: In constructor 'BasicEnemy::BasicEnemy(Vec2, Vec2, Vec2, Vec4)':
../../src/BasicEnemy.h:34:8: warning: 'BasicEnemy::size' will be initialized after [-Wreorder]
   Vec2 size;
        ^
../../src/BasicEnemy.h:33:8: warning:   'Vec2 BasicEnemy::velocity' [-Wreorder]
   Vec2 velocity;
        ^
../../src/BasicEnemy.h:20:3: warning:   when initialized here [-Wreorder]
   BasicEnemy(Vec2 pos, Vec2 size, Vec2 velocity, Vec4 color)
   ^
In file included from ../../src/Game.cpp:4:0:
../../src/Player.h: In constructor 'Player::Player(Vec2, Vec2, Vec2, Vec4)':
../../src/Player.h:27:8: warning: 'Player::size' will be initialized after [-Wreorder]
   Vec2 size;
        ^
../../src/Player.h:26:8: warning:   'Vec2 Player::velocity' [-Wreorder]
   Vec2 velocity;
        ^
../../src/Player.h:13:3: warning:   when initialized here [-Wreorder]
   Player(Vec2 pos, Vec2 size, Vec2 velocity , Vec4 color)
   ^
