In file included from ../../src/editor_src/../GameCamera.h:4:0,
                 from ../../src/editor_src/GLCanvas.h:9,
                 from ../../src/editor_src/EditorFrame.h:4,
                 from ../../src/editor_src/CreationPanel.cpp:2:
../../src/editor_src/../vec2.hpp:156:8: warning: extra tokens at end of #endif directive [-Wendif-labels]
 #endif VEC2_CROSS_PRODUCT
        ^
In file included from ../../src/editor_src/GLCanvas.h:9:0,
                 from ../../src/editor_src/EditorFrame.h:4,
                 from ../../src/editor_src/CreationPanel.cpp:2:
../../src/editor_src/../GameCamera.h: In constructor 'GameCamera::GameCamera(Vec2, Vec2, Vec2, Vec2)':
../../src/editor_src/../GameCamera.h:28:32: warning: 'GameCamera::lowerLimits' will be initialized after [-Wreorder]
   Vec2 lowerLimits=Vec2(-100000);
                                ^
../../src/editor_src/../GameCamera.h:24:8: warning:   'Vec2 GameCamera::screenResolution' [-Wreorder]
   Vec2 screenResolution;
        ^
In file included from ../../src/editor_src/GLCanvas.h:9:0,
                 from ../../src/editor_src/EditorFrame.h:4,
                 from ../../src/editor_src/CreationPanel.cpp:2:
../../src/editor_src/../GameCamera.h:12:3: warning:   when initialized here [-Wreorder]
   GameCamera(Vec2 pos, Vec2 screenResolution, Vec2 limits, Vec2 lowerLimits) : pos(pos), limits(limits), lowerLimits(lowerLimits), screenResolution(screenResolution) {}
   ^
In file included from ../../src/editor_src/GLCanvas.h:9:0,
                 from ../../src/editor_src/EditorFrame.h:4,
                 from ../../src/editor_src/CreationPanel.cpp:2:
../../src/editor_src/../GameCamera.h: In member function 'Vec2 GameCamera::transform(Vec2)':
../../src/editor_src/../GameCamera.h:17:88: warning: no return statement in function returning non-void [-Wreturn-type]
   inline Vec2 transform( Vec2 offset ) { pos.x() += offset.x(); pos.y() += offset.y(); }
                                                                                        ^
In file included from ../../src/editor_src/../LightShader.h:5:0,
                 from ../../src/editor_src/GLCanvas.h:12,
                 from ../../src/editor_src/EditorFrame.h:4,
                 from ../../src/editor_src/CreationPanel.cpp:2:
../../src/editor_src/../ShaderUniform.h: In member function 'bool ShaderUniform::is_valid()':
../../src/editor_src/../ShaderUniform.h:48:33: warning: comparison between signed and unsigned integer expressions [-Wsign-compare]
   bool is_valid() { return (obj != -1); } 
                                 ^
In file included from ../../src/editor_src/../Progressor.h:3:0,
                 from ../../src/editor_src/../Player.h:5,
                 from ../../src/editor_src/../Level.h:6,
                 from ../../src/editor_src/GLCanvas.h:14,
                 from ../../src/editor_src/EditorFrame.h:4,
                 from ../../src/editor_src/CreationPanel.cpp:2:
../../src/editor_src/../Entity.h: In constructor 'Entity::Entity(Vec2, Vec2, Vec2, Vec4)':
../../src/editor_src/../Entity.h:100:8: warning: 'Entity::size' will be initialized after [-Wreorder]
   Vec2 size;
        ^
../../src/editor_src/../Entity.h:99:8: warning:   'Vec2 Entity::velocity' [-Wreorder]
   Vec2 velocity;
        ^
../../src/editor_src/../Entity.h:37:3: warning:   when initialized here [-Wreorder]
   Entity(Vec2 pos, Vec2 size, Vec2 velocity, Vec4 color)
   ^
../../src/editor_src/../Entity.h: In member function 'virtual bool Entity::DeathAnimation(float)':
../../src/editor_src/../Entity.h:84:3: warning: no return statement in function returning non-void [-Wreturn-type]
   }
   ^
In file included from ../../src/editor_src/../Player.h:26:0,
                 from ../../src/editor_src/../Level.h:6,
                 from ../../src/editor_src/GLCanvas.h:14,
                 from ../../src/editor_src/EditorFrame.h:4,
                 from ../../src/editor_src/CreationPanel.cpp:2:
../../src/editor_src/../FreeTypeText.h: In destructor 'TextRendererShader::~TextRendererShader()':
../../src/editor_src/../FreeTypeText.h:84:11: warning: deleting object of polymorphic class type 'ShaderUniform' which has non-virtual destructor might cause undefined behaviour [-Wdelete-non-virtual-dtor]
    delete tex;
           ^
../../src/editor_src/../FreeTypeText.h:85:11: warning: deleting object of polymorphic class type 'ShaderUniform' which has non-virtual destructor might cause undefined behaviour [-Wdelete-non-virtual-dtor]
    delete clr;
           ^
../../src/editor_src/../FreeTypeText.h:86:11: warning: deleting object of polymorphic class type 'ShaderUniform' which has non-virtual destructor might cause undefined behaviour [-Wdelete-non-virtual-dtor]
    delete transform;
           ^
../../src/editor_src/../FreeTypeText.h:87:11: warning: deleting object of polymorphic class type 'ShaderUniform' which has non-virtual destructor might cause undefined behaviour [-Wdelete-non-virtual-dtor]
    delete view;
           ^
../../src/editor_src/../FreeTypeText.h:88:11: warning: deleting object of polymorphic class type 'ShaderUniform' which has non-virtual destructor might cause undefined behaviour [-Wdelete-non-virtual-dtor]
    delete proj;
           ^
../../src/editor_src/../FreeTypeText.h:89:11: warning: deleting object of polymorphic class type 'Shader' which has non-virtual destructor might cause undefined behaviour [-Wdelete-non-virtual-dtor]
    delete vs;
           ^
../../src/editor_src/../FreeTypeText.h:90:11: warning: deleting object of polymorphic class type 'Shader' which has non-virtual destructor might cause undefined behaviour [-Wdelete-non-virtual-dtor]
    delete fs;
           ^
../../src/editor_src/../FreeTypeText.h:91:11: warning: deleting object of polymorphic class type 'ShaderProgram' which has non-virtual destructor might cause undefined behaviour [-Wdelete-non-virtual-dtor]
    delete sp;
           ^
../../src/editor_src/CreationPanel.cpp: In constructor 'CreationPanel::CreationPanel(wxWindow*, wxWindowID, const wxPoint&, const wxSize&, long int, const wxString&)':
../../src/editor_src/CreationPanel.cpp:12:12: warning: unused variable 'b' [-Wunused-variable]
  wxButton *b = new wxButton(this, 12300, "Create Block", wxPoint((size.x/2)-100, pos.y+100));
            ^
../../src/editor_src/CreationPanel.cpp:13:12: warning: unused variable 'c' [-Wunused-variable]
  wxButton *c = new wxButton(this, 12400, "Create Static Background Block", wxPoint((size.x/2)-100, pos.y+200));
            ^
../../src/editor_src/CreationPanel.cpp:14:12: warning: unused variable 'd' [-Wunused-variable]
  wxButton *d = new wxButton(this, 12500, "Create Parallax Background Block", wxPoint((size.x/2)-100, pos.y+300));
            ^
../../src/editor_src/CreationPanel.cpp:15:12: warning: unused variable 'e' [-Wunused-variable]
  wxButton* e = new wxButton(this, 12600, "Put Progressor at (Player Pos)", wxPoint((size.x/2)-100, pos.y+400));
            ^
In file included from ../../src/editor_src/../Progressor.h:4:0,
                 from ../../src/editor_src/../Player.h:5,
                 from ../../src/editor_src/../Level.h:6,
                 from ../../src/editor_src/GLCanvas.h:14,
                 from ../../src/editor_src/EditorFrame.h:4,
                 from ../../src/editor_src/CreationPanel.cpp:2:
../../src/editor_src/../Block.h: In member function 'virtual Vec4 Block::getUvs()':
../../src/editor_src/../Block.h:169:3: warning: control reaches end of non-void function [-Wreturn-type]
   }
   ^
In file included from ../../src/editor_src/../EntityManager.h:8:0,
                 from ../../src/editor_src/../Level.h:8,
                 from ../../src/editor_src/GLCanvas.h:14,
                 from ../../src/editor_src/EditorFrame.h:4,
                 from ../../src/editor_src/CreationPanel.cpp:2:
../../src/editor_src/../BackgroundSprites.h: In member function 'virtual Vec4 BackgroundBlockStatic::getUvs()':
../../src/editor_src/../BackgroundSprites.h:129:3: warning: control reaches end of non-void function [-Wreturn-type]
   }
   ^
../../src/editor_src/../BackgroundSprites.h: In member function 'virtual Vec4 BackgroundBlock::getUvs()':
../../src/editor_src/../BackgroundSprites.h:67:3: warning: control reaches end of non-void function [-Wreturn-type]
   }
   ^
In file included from ../../src/editor_src/../Progressor.h:4:0,
                 from ../../src/editor_src/../Player.h:5,
                 from ../../src/editor_src/../Level.h:6,
                 from ../../src/editor_src/GLCanvas.h:14,
                 from ../../src/editor_src/EditorFrame.h:4,
                 from ../../src/editor_src/CreationPanel.cpp:2:
../../src/editor_src/../Block.h: In static member function 'static Vec4 Block::get_uv_from_type(int)':
../../src/editor_src/../Block.h:90:3: warning: control reaches end of non-void function [-Wreturn-type]
   }
   ^
