In file included from ../../src/LightStruct.h:4:0,
                 from ../../src/Level.h:3,
                 from ../../src/Level.cpp:1:
../../src/vec2.hpp:156:8: warning: extra tokens at end of #endif directive [-Wendif-labels]
 #endif VEC2_CROSS_PRODUCT
        ^
In file included from ../../src/Progressor.h:3:0,
                 from ../../src/Player.h:5,
                 from ../../src/Level.h:6,
                 from ../../src/Level.cpp:1:
../../src/Entity.h: In constructor 'Entity::Entity(Vec2, Vec2, Vec2, Vec4)':
../../src/Entity.h:88:8: warning: 'Entity::size' will be initialized after [-Wreorder]
   Vec2 size;
        ^
../../src/Entity.h:87:8: warning:   'Vec2 Entity::velocity' [-Wreorder]
   Vec2 velocity;
        ^
../../src/Entity.h:31:3: warning:   when initialized here [-Wreorder]
   Entity(Vec2 pos, Vec2 size, Vec2 velocity, Vec4 color)
   ^
../../src/Entity.h: In member function 'virtual bool Entity::DeathAnimation(float)':
../../src/Entity.h:78:3: warning: no return statement in function returning non-void [-Wreturn-type]
   }
   ^
In file included from ../../src/Player.h:10:0,
                 from ../../src/Level.h:6,
                 from ../../src/Level.cpp:1:
../../src/Block.h: In member function 'virtual Vec4 Block::getUvs()':
../../src/Block.h:168:3: warning: control reaches end of non-void function [-Wreturn-type]
   }
   ^
In file included from ../../src/EntityManager.h:8:0,
                 from ../../src/Level.h:8,
                 from ../../src/Level.cpp:1:
../../src/BackgroundSprites.h: In member function 'virtual Vec4 BackgroundBlock::getUvs()':
../../src/BackgroundSprites.h:67:3: warning: control reaches end of non-void function [-Wreturn-type]
   }
   ^
../../src/BackgroundSprites.h: In member function 'virtual Vec4 BackgroundBlockStatic::getUvs()':
../../src/BackgroundSprites.h:128:3: warning: control reaches end of non-void function [-Wreturn-type]
   }
   ^
