In file included from ../../src/LightShader.h:6:0,
                 from ../../src/LightShader.cpp:1:
../../src/vec2.hpp:156:8: warning: extra tokens at end of #endif directive [-Wendif-labels]
 #endif VEC2_CROSS_PRODUCT
        ^
In file included from ../../src/mat4.hpp:8:0,
                 from ../../src/LightShader.cpp:2:
../../src/math_etc.hpp:3:0: warning: "M_PI" redefined
 #define M_PI 3.141592653589793238462643383279502884197169399375105820974944592307816406286208998628034825342117067982148086
 ^
In file included from C:/TDM-GCC-32/lib/gcc/mingw32/5.1.0/include/c++/cmath:44:0,
                 from ../../src/vec2.hpp:2,
                 from ../../src/LightShader.h:6,
                 from ../../src/LightShader.cpp:1:
C:/TDM-GCC-32/include/math.h:58:0: note: this is the location of the previous definition
 #define M_PI  3.14159265358979323846
 ^
In file included from ../../src/LightShader.h:5:0,
                 from ../../src/LightShader.cpp:1:
../../src/ShaderUniform.h: In member function 'bool ShaderUniform::is_valid()':
../../src/ShaderUniform.h:48:33: warning: comparison between signed and unsigned integer expressions [-Wsign-compare]
   bool is_valid() { return (obj != -1); } 
                                 ^
../../src/LightShader.cpp: In destructor 'LightShader::~LightShader()':
../../src/LightShader.cpp:76:9: warning: deleting object of polymorphic class type 'ShaderUniform' which has non-virtual destructor might cause undefined behaviour [-Wdelete-non-virtual-dtor]
  delete tex;
         ^
../../src/LightShader.cpp:77:9: warning: deleting object of polymorphic class type 'ShaderUniform' which has non-virtual destructor might cause undefined behaviour [-Wdelete-non-virtual-dtor]
  delete projMat;
         ^
../../src/LightShader.cpp:78:9: warning: deleting object of polymorphic class type 'ShaderUniform' which has non-virtual destructor might cause undefined behaviour [-Wdelete-non-virtual-dtor]
  delete viewMat;
         ^
../../src/LightShader.cpp:79:9: warning: deleting object of polymorphic class type 'ShaderUniform' which has non-virtual destructor might cause undefined behaviour [-Wdelete-non-virtual-dtor]
  delete textured;
         ^
../../src/LightShader.cpp:80:9: warning: deleting object of polymorphic class type 'Shader' which has non-virtual destructor might cause undefined behaviour [-Wdelete-non-virtual-dtor]
  delete vs;
         ^
../../src/LightShader.cpp:81:9: warning: deleting object of polymorphic class type 'Shader' which has non-virtual destructor might cause undefined behaviour [-Wdelete-non-virtual-dtor]
  delete fs;
         ^
../../src/LightShader.cpp:82:9: warning: deleting object of polymorphic class type 'ShaderProgram' which has non-virtual destructor might cause undefined behaviour [-Wdelete-non-virtual-dtor]
  delete sp;
         ^
