In file included from ../../src/Entity.h:10:0,
                 from ../../src/Progressor.h:3,
                 from ../../src/Player.h:5,
                 from ../../src/Player.cpp:1:
../../src/vec2.hpp:156:8: warning: extra tokens at end of #endif directive [-Wendif-labels]
 #endif VEC2_CROSS_PRODUCT
        ^
In file included from ../../src/Progressor.h:3:0,
                 from ../../src/Player.h:5,
                 from ../../src/Player.cpp:1:
../../src/Entity.h: In constructor 'Entity::Entity(Vec2, Vec2, Vec2, Vec4)':
../../src/Entity.h:102:8: warning: 'Entity::size' will be initialized after [-Wreorder]
   Vec2 size;
        ^
../../src/Entity.h:101:8: warning:   'Vec2 Entity::velocity' [-Wreorder]
   Vec2 velocity;
        ^
../../src/Entity.h:38:3: warning:   when initialized here [-Wreorder]
   Entity(Vec2 pos, Vec2 size, Vec2 velocity, Vec4 color)
   ^
../../src/Entity.h: In member function 'virtual bool Entity::DeathAnimation(float)':
../../src/Entity.h:86:3: warning: no return statement in function returning non-void [-Wreturn-type]
   }
   ^
In file included from ../../src/FreeTypeText.h:8:0,
                 from ../../src/Player.h:27,
                 from ../../src/Player.cpp:1:
../../src/ShaderUniform.h: In member function 'bool ShaderUniform::is_valid()':
../../src/ShaderUniform.h:48:33: warning: comparison between signed and unsigned integer expressions [-Wsign-compare]
   bool is_valid() { return (obj != -1); } 
                                 ^
In file included from ../../src/Player.h:27:0,
                 from ../../src/Player.cpp:1:
../../src/FreeTypeText.h: In destructor 'TextRendererShader::~TextRendererShader()':
../../src/FreeTypeText.h:89:11: warning: deleting object of polymorphic class type 'ShaderUniform' which has non-virtual destructor might cause undefined behaviour [-Wdelete-non-virtual-dtor]
    delete tex;
           ^
../../src/FreeTypeText.h:90:11: warning: deleting object of polymorphic class type 'ShaderUniform' which has non-virtual destructor might cause undefined behaviour [-Wdelete-non-virtual-dtor]
    delete clr;
           ^
../../src/FreeTypeText.h:91:11: warning: deleting object of polymorphic class type 'ShaderUniform' which has non-virtual destructor might cause undefined behaviour [-Wdelete-non-virtual-dtor]
    delete transform;
           ^
../../src/FreeTypeText.h:92:11: warning: deleting object of polymorphic class type 'ShaderUniform' which has non-virtual destructor might cause undefined behaviour [-Wdelete-non-virtual-dtor]
    delete view;
           ^
../../src/FreeTypeText.h:93:11: warning: deleting object of polymorphic class type 'ShaderUniform' which has non-virtual destructor might cause undefined behaviour [-Wdelete-non-virtual-dtor]
    delete proj;
           ^
../../src/FreeTypeText.h:94:11: warning: deleting object of polymorphic class type 'Shader' which has non-virtual destructor might cause undefined behaviour [-Wdelete-non-virtual-dtor]
    delete vs;
           ^
../../src/FreeTypeText.h:95:11: warning: deleting object of polymorphic class type 'Shader' which has non-virtual destructor might cause undefined behaviour [-Wdelete-non-virtual-dtor]
    delete fs;
           ^
../../src/FreeTypeText.h:96:11: warning: deleting object of polymorphic class type 'ShaderProgram' which has non-virtual destructor might cause undefined behaviour [-Wdelete-non-virtual-dtor]
    delete sp;
           ^
../../src/Player.cpp: In member function 'void Player::calculate_uvs()':
../../src/Player.cpp:10:8: warning: enumeration value 'HURT' not handled in switch [-Wswitch]
  switch(pState){
        ^
