In file included from ../../src/editor_src/../GameCamera.h:4:0,
                 from ../../src/editor_src/GLCanvas.h:9,
                 from ../../src/editor_src/EditorFrame.h:4,
                 from ../../src/editor_src/PropertyPanel.h:8,
                 from ../../src/editor_src/PropertyPanel.cpp:1:
../../src/editor_src/../vec2.hpp:156:8: warning: extra tokens at end of #endif directive [-Wendif-labels]
 #endif VEC2_CROSS_PRODUCT
        ^
In file included from ../../src/editor_src/GLCanvas.h:9:0,
                 from ../../src/editor_src/EditorFrame.h:4,
                 from ../../src/editor_src/PropertyPanel.h:8,
                 from ../../src/editor_src/PropertyPanel.cpp:1:
../../src/editor_src/../GameCamera.h: In constructor 'GameCamera::GameCamera(Vec2, Vec2, Vec2, Vec2)':
../../src/editor_src/../GameCamera.h:28:32: warning: 'GameCamera::lowerLimits' will be initialized after [-Wreorder]
   Vec2 lowerLimits=Vec2(-100000);
                                ^
../../src/editor_src/../GameCamera.h:24:8: warning:   'Vec2 GameCamera::screenResolution' [-Wreorder]
   Vec2 screenResolution;
        ^
In file included from ../../src/editor_src/GLCanvas.h:9:0,
                 from ../../src/editor_src/EditorFrame.h:4,
                 from ../../src/editor_src/PropertyPanel.h:8,
                 from ../../src/editor_src/PropertyPanel.cpp:1:
../../src/editor_src/../GameCamera.h:12:3: warning:   when initialized here [-Wreorder]
   GameCamera(Vec2 pos, Vec2 screenResolution, Vec2 limits, Vec2 lowerLimits) : pos(pos), limits(limits), lowerLimits(lowerLimits), screenResolution(screenResolution) {}
   ^
In file included from ../../src/editor_src/GLCanvas.h:9:0,
                 from ../../src/editor_src/EditorFrame.h:4,
                 from ../../src/editor_src/PropertyPanel.h:8,
                 from ../../src/editor_src/PropertyPanel.cpp:1:
../../src/editor_src/../GameCamera.h: In member function 'Vec2 GameCamera::transform(Vec2)':
../../src/editor_src/../GameCamera.h:17:88: warning: no return statement in function returning non-void [-Wreturn-type]
   inline Vec2 transform( Vec2 offset ) { pos.x() += offset.x(); pos.y() += offset.y(); }
                                                                                        ^
In file included from ../../src/editor_src/../LightShader.h:5:0,
                 from ../../src/editor_src/GLCanvas.h:12,
                 from ../../src/editor_src/EditorFrame.h:4,
                 from ../../src/editor_src/PropertyPanel.h:8,
                 from ../../src/editor_src/PropertyPanel.cpp:1:
../../src/editor_src/../ShaderUniform.h: In member function 'bool ShaderUniform::is_valid()':
../../src/editor_src/../ShaderUniform.h:48:33: warning: comparison between signed and unsigned integer expressions [-Wsign-compare]
   bool is_valid() { return (obj != -1); } 
                                 ^
In file included from ../../src/editor_src/../Progressor.h:3:0,
                 from ../../src/editor_src/../Player.h:5,
                 from ../../src/editor_src/../Level.h:6,
                 from ../../src/editor_src/GLCanvas.h:14,
                 from ../../src/editor_src/EditorFrame.h:4,
                 from ../../src/editor_src/PropertyPanel.h:8,
                 from ../../src/editor_src/PropertyPanel.cpp:1:
../../src/editor_src/../Entity.h: In constructor 'Entity::Entity(Vec2, Vec2, Vec2, Vec4)':
../../src/editor_src/../Entity.h:99:8: warning: 'Entity::size' will be initialized after [-Wreorder]
   Vec2 size;
        ^
../../src/editor_src/../Entity.h:98:8: warning:   'Vec2 Entity::velocity' [-Wreorder]
   Vec2 velocity;
        ^
../../src/editor_src/../Entity.h:36:3: warning:   when initialized here [-Wreorder]
   Entity(Vec2 pos, Vec2 size, Vec2 velocity, Vec4 color)
   ^
../../src/editor_src/../Entity.h: In member function 'virtual bool Entity::DeathAnimation(float)':
../../src/editor_src/../Entity.h:83:3: warning: no return statement in function returning non-void [-Wreturn-type]
   }
   ^
In file included from ../../src/editor_src/PropertyPanel.cpp:1:0:
../../src/editor_src/PropertyPanel.h: At global scope:
../../src/editor_src/PropertyPanel.h:18:2: warning: 'virtual void wxWindowBase::SetInitialBestSize(const wxSize&)' is deprecated: use SetInitialSize() instead. [-Wdeprecated-declarations]
 };
  ^
In file included from C:/TDM-GCC-32/include/wx/wx.h:38:0,
                 from ../../src/editor_src/PropertyPanel.h:6,
                 from ../../src/editor_src/PropertyPanel.cpp:1:
C:/TDM-GCC-32/include/wx/window.h:1917:13: note: declared here
 inline void wxWindowBase::SetInitialBestSize(const wxSize& size)
             ^
In file included from ../../src/editor_src/PropertyPanel.cpp:1:0:
../../src/editor_src/PropertyPanel.h:18:2: warning: 'virtual void wxWindowBase::SetInitialBestSize(const wxSize&)' is deprecated: use SetInitialSize() instead. [-Wdeprecated-declarations]
 };
  ^
In file included from C:/TDM-GCC-32/include/wx/wx.h:38:0,
                 from ../../src/editor_src/PropertyPanel.h:6,
                 from ../../src/editor_src/PropertyPanel.cpp:1:
C:/TDM-GCC-32/include/wx/window.h:1917:13: note: declared here
 inline void wxWindowBase::SetInitialBestSize(const wxSize& size)
             ^
In file included from ../../src/editor_src/PropertyPanel.cpp:1:0:
../../src/editor_src/PropertyPanel.h:18:2: warning: 'virtual void wxWindowBase::SetInitialBestSize(const wxSize&)' is deprecated: use SetInitialSize() instead. [-Wdeprecated-declarations]
 };
  ^
In file included from C:/TDM-GCC-32/include/wx/wx.h:38:0,
                 from ../../src/editor_src/PropertyPanel.h:6,
                 from ../../src/editor_src/PropertyPanel.cpp:1:
C:/TDM-GCC-32/include/wx/window.h:1917:13: note: declared here
 inline void wxWindowBase::SetInitialBestSize(const wxSize& size)
             ^
In file included from ../../src/editor_src/PropertyPanel.cpp:1:0:
../../src/editor_src/PropertyPanel.h:18:2: warning: 'virtual void wxWindowBase::SetInitialBestSize(const wxSize&)' is deprecated: use SetInitialSize() instead. [-Wdeprecated-declarations]
 };
  ^
In file included from C:/TDM-GCC-32/include/wx/wx.h:38:0,
                 from ../../src/editor_src/PropertyPanel.h:6,
                 from ../../src/editor_src/PropertyPanel.cpp:1:
C:/TDM-GCC-32/include/wx/window.h:1917:13: note: declared here
 inline void wxWindowBase::SetInitialBestSize(const wxSize& size)
             ^
In file included from ../../src/editor_src/PropertyPanel.cpp:1:0:
../../src/editor_src/PropertyPanel.h:18:2: warning: 'virtual void wxWindowBase::SetInitialBestSize(const wxSize&)' is deprecated: use SetInitialSize() instead. [-Wdeprecated-declarations]
 };
  ^
In file included from C:/TDM-GCC-32/include/wx/wx.h:38:0,
                 from ../../src/editor_src/PropertyPanel.h:6,
                 from ../../src/editor_src/PropertyPanel.cpp:1:
C:/TDM-GCC-32/include/wx/window.h:1917:13: note: declared here
 inline void wxWindowBase::SetInitialBestSize(const wxSize& size)
             ^
In file included from ../../src/editor_src/PropertyPanel.cpp:1:0:
../../src/editor_src/PropertyPanel.h:18:2: warning: 'virtual void wxWindowBase::SetInitialBestSize(const wxSize&)' is deprecated: use SetInitialSize() instead. [-Wdeprecated-declarations]
 };
  ^
In file included from C:/TDM-GCC-32/include/wx/wx.h:38:0,
                 from ../../src/editor_src/PropertyPanel.h:6,
                 from ../../src/editor_src/PropertyPanel.cpp:1:
C:/TDM-GCC-32/include/wx/window.h:1917:13: note: declared here
 inline void wxWindowBase::SetInitialBestSize(const wxSize& size)
             ^
In file included from ../../src/editor_src/PropertyPanel.cpp:1:0:
../../src/editor_src/PropertyPanel.h:18:2: warning: 'virtual void wxWindowBase::SetInitialBestSize(const wxSize&)' is deprecated: use SetInitialSize() instead. [-Wdeprecated-declarations]
 };
  ^
In file included from C:/TDM-GCC-32/include/wx/wx.h:38:0,
                 from ../../src/editor_src/PropertyPanel.h:6,
                 from ../../src/editor_src/PropertyPanel.cpp:1:
C:/TDM-GCC-32/include/wx/window.h:1917:13: note: declared here
 inline void wxWindowBase::SetInitialBestSize(const wxSize& size)
             ^
In file included from ../../src/editor_src/PropertyPanel.cpp:1:0:
../../src/editor_src/PropertyPanel.h:18:2: warning: 'virtual void wxWindowBase::SetInitialBestSize(const wxSize&)' is deprecated: use SetInitialSize() instead. [-Wdeprecated-declarations]
 };
  ^
In file included from C:/TDM-GCC-32/include/wx/wx.h:38:0,
                 from ../../src/editor_src/PropertyPanel.h:6,
                 from ../../src/editor_src/PropertyPanel.cpp:1:
C:/TDM-GCC-32/include/wx/window.h:1917:13: note: declared here
 inline void wxWindowBase::SetInitialBestSize(const wxSize& size)
             ^
In file included from ../../src/editor_src/PropertyPanel.cpp:1:0:
../../src/editor_src/PropertyPanel.h:18:2: warning: 'virtual void wxWindowBase::SetInitialBestSize(const wxSize&)' is deprecated: use SetInitialSize() instead. [-Wdeprecated-declarations]
 };
  ^
In file included from C:/TDM-GCC-32/include/wx/wx.h:38:0,
                 from ../../src/editor_src/PropertyPanel.h:6,
                 from ../../src/editor_src/PropertyPanel.cpp:1:
C:/TDM-GCC-32/include/wx/window.h:1917:13: note: declared here
 inline void wxWindowBase::SetInitialBestSize(const wxSize& size)
             ^
In file included from ../../src/editor_src/PropertyPanel.cpp:1:0:
../../src/editor_src/PropertyPanel.h:18:2: warning: 'virtual void wxWindowBase::SetInitialBestSize(const wxSize&)' is deprecated: use SetInitialSize() instead. [-Wdeprecated-declarations]
 };
  ^
In file included from C:/TDM-GCC-32/include/wx/wx.h:38:0,
                 from ../../src/editor_src/PropertyPanel.h:6,
                 from ../../src/editor_src/PropertyPanel.cpp:1:
C:/TDM-GCC-32/include/wx/window.h:1917:13: note: declared here
 inline void wxWindowBase::SetInitialBestSize(const wxSize& size)
             ^
In file included from ../../src/editor_src/PropertyPanel.cpp:1:0:
../../src/editor_src/PropertyPanel.h:18:2: warning: 'virtual void wxWindowBase::SetInitialBestSize(const wxSize&)' is deprecated: use SetInitialSize() instead. [-Wdeprecated-declarations]
 };
  ^
In file included from C:/TDM-GCC-32/include/wx/wx.h:38:0,
                 from ../../src/editor_src/PropertyPanel.h:6,
                 from ../../src/editor_src/PropertyPanel.cpp:1:
C:/TDM-GCC-32/include/wx/window.h:1917:13: note: declared here
 inline void wxWindowBase::SetInitialBestSize(const wxSize& size)
             ^
In file included from ../../src/editor_src/PropertyPanel.cpp:1:0:
../../src/editor_src/PropertyPanel.h:18:2: warning: 'virtual void wxWindowBase::SetInitialBestSize(const wxSize&)' is deprecated: use SetInitialSize() instead. [-Wdeprecated-declarations]
 };
  ^
In file included from C:/TDM-GCC-32/include/wx/wx.h:38:0,
                 from ../../src/editor_src/PropertyPanel.h:6,
                 from ../../src/editor_src/PropertyPanel.cpp:1:
C:/TDM-GCC-32/include/wx/window.h:1917:13: note: declared here
 inline void wxWindowBase::SetInitialBestSize(const wxSize& size)
             ^
In file included from ../../src/editor_src/PropertyPanel.cpp:1:0:
../../src/editor_src/PropertyPanel.h:18:2: warning: 'virtual void wxWindowBase::SetInitialBestSize(const wxSize&)' is deprecated: use SetInitialSize() instead. [-Wdeprecated-declarations]
 };
  ^
In file included from C:/TDM-GCC-32/include/wx/wx.h:38:0,
                 from ../../src/editor_src/PropertyPanel.h:6,
                 from ../../src/editor_src/PropertyPanel.cpp:1:
C:/TDM-GCC-32/include/wx/window.h:1917:13: note: declared here
 inline void wxWindowBase::SetInitialBestSize(const wxSize& size)
             ^
In file included from ../../src/editor_src/PropertyPanel.cpp:1:0:
../../src/editor_src/PropertyPanel.h:18:2: warning: 'virtual void wxWindowBase::SetInitialBestSize(const wxSize&)' is deprecated: use SetInitialSize() instead. [-Wdeprecated-declarations]
 };
  ^
In file included from C:/TDM-GCC-32/include/wx/wx.h:38:0,
                 from ../../src/editor_src/PropertyPanel.h:6,
                 from ../../src/editor_src/PropertyPanel.cpp:1:
C:/TDM-GCC-32/include/wx/window.h:1917:13: note: declared here
 inline void wxWindowBase::SetInitialBestSize(const wxSize& size)
             ^
In file included from ../../src/editor_src/PropertyPanel.cpp:1:0:
../../src/editor_src/PropertyPanel.h:18:2: warning: 'virtual void wxWindowBase::SetInitialBestSize(const wxSize&)' is deprecated: use SetInitialSize() instead. [-Wdeprecated-declarations]
 };
  ^
In file included from C:/TDM-GCC-32/include/wx/wx.h:38:0,
                 from ../../src/editor_src/PropertyPanel.h:6,
                 from ../../src/editor_src/PropertyPanel.cpp:1:
C:/TDM-GCC-32/include/wx/window.h:1917:13: note: declared here
 inline void wxWindowBase::SetInitialBestSize(const wxSize& size)
             ^
In file included from ../../src/editor_src/PropertyPanel.cpp:1:0:
../../src/editor_src/PropertyPanel.h:18:2: warning: 'virtual void wxWindowBase::SetInitialBestSize(const wxSize&)' is deprecated: use SetInitialSize() instead. [-Wdeprecated-declarations]
 };
  ^
In file included from C:/TDM-GCC-32/include/wx/wx.h:38:0,
                 from ../../src/editor_src/PropertyPanel.h:6,
                 from ../../src/editor_src/PropertyPanel.cpp:1:
C:/TDM-GCC-32/include/wx/window.h:1917:13: note: declared here
 inline void wxWindowBase::SetInitialBestSize(const wxSize& size)
             ^
In file included from ../../src/editor_src/PropertyPanel.cpp:1:0:
../../src/editor_src/PropertyPanel.h:18:2: warning: 'virtual void wxWindowBase::SetInitialBestSize(const wxSize&)' is deprecated: use SetInitialSize() instead. [-Wdeprecated-declarations]
 };
  ^
In file included from C:/TDM-GCC-32/include/wx/wx.h:38:0,
                 from ../../src/editor_src/PropertyPanel.h:6,
                 from ../../src/editor_src/PropertyPanel.cpp:1:
C:/TDM-GCC-32/include/wx/window.h:1917:13: note: declared here
 inline void wxWindowBase::SetInitialBestSize(const wxSize& size)
             ^
In file included from ../../src/editor_src/PropertyPanel.cpp:1:0:
../../src/editor_src/PropertyPanel.h:18:2: warning: 'virtual void wxWindowBase::SetInitialBestSize(const wxSize&)' is deprecated: use SetInitialSize() instead. [-Wdeprecated-declarations]
 };
  ^
In file included from C:/TDM-GCC-32/include/wx/wx.h:38:0,
                 from ../../src/editor_src/PropertyPanel.h:6,
                 from ../../src/editor_src/PropertyPanel.cpp:1:
C:/TDM-GCC-32/include/wx/window.h:1917:13: note: declared here
 inline void wxWindowBase::SetInitialBestSize(const wxSize& size)
             ^
In file included from ../../src/editor_src/PropertyPanel.cpp:1:0:
../../src/editor_src/PropertyPanel.h:18:2: warning: 'virtual void wxWindowBase::SetInitialBestSize(const wxSize&)' is deprecated: use SetInitialSize() instead. [-Wdeprecated-declarations]
 };
  ^
In file included from C:/TDM-GCC-32/include/wx/wx.h:38:0,
                 from ../../src/editor_src/PropertyPanel.h:6,
                 from ../../src/editor_src/PropertyPanel.cpp:1:
C:/TDM-GCC-32/include/wx/window.h:1917:13: note: declared here
 inline void wxWindowBase::SetInitialBestSize(const wxSize& size)
             ^
In file included from ../../src/editor_src/PropertyPanel.cpp:1:0:
../../src/editor_src/PropertyPanel.h:18:2: warning: 'virtual void wxWindowBase::SetInitialBestSize(const wxSize&)' is deprecated: use SetInitialSize() instead. [-Wdeprecated-declarations]
 };
  ^
In file included from C:/TDM-GCC-32/include/wx/wx.h:38:0,
                 from ../../src/editor_src/PropertyPanel.h:6,
                 from ../../src/editor_src/PropertyPanel.cpp:1:
C:/TDM-GCC-32/include/wx/window.h:1917:13: note: declared here
 inline void wxWindowBase::SetInitialBestSize(const wxSize& size)
             ^
