commit 7321621a478d427e38467544d0cf02ece29573cb
Author: Xpost2000 <xpost2000cod@gmail.com>
Date:   Fri Aug 11 16:56:54 2017 -0400

    rickety hax

commit bbee2fd3b1aaf2096f46013cbdf76b42a6e31762
Author: Xpost2000 <xpost2000cod@gmail.com>
Date:   Fri Aug 11 16:38:11 2017 -0400

    Fixed last borken level

commit 81201b8386f7babcef59fdf617bf042b4b6723ef
Author: Xpost2000 <xpost2000cod@gmail.com>
Date:   Fri Aug 11 16:37:13 2017 -0400

    fixed somehow broken level file..

commit d3fc51cd799c8ec8918ab574cbde03efdc9112cf
Author: Xpost2000 <xpost2000cod@gmail.com>
Date:   Fri Aug 11 16:35:16 2017 -0400

    UVs calculated correctly.

commit 539cdc787bb27775023192e444a8feb3e0cac40c
Author: Xpost2000 <xpost2000cod@gmail.com>
Date:   Fri Aug 11 15:58:09 2017 -0400

    Refined sound playing on main menu. Now it makes sense.

commit fd3a5b91ee51b46c2887cdcc36e92ab951983107
Author: Xpost2000 <xpost2000cod@gmail.com>
Date:   Thu Aug 10 18:54:04 2017 -0400

    Added basic Sound playing. SDL2_Mixer dependency added.

commit 89f02e597431965a35702e71ce3c45994bcce12f
Author: Xpost2000 <xpost2000cod@gmail.com>
Date:   Thu Aug 10 17:32:38 2017 -0400

    I const correct a few things

commit 26181964c55d9b9a5a2765e5d9c6b6868d5970b9
Author: Xpost2000 <xpost2000cod@gmail.com>
Date:   Thu Aug 10 17:05:21 2017 -0400

    fixes. Lights are now described in files. Not hard coded

commit dc3b92dc2e4a4da8dc9440cddf5d73478045c004
Author: Xpost2000 <xpost2000cod@gmail.com>
Date:   Thu Aug 10 16:33:16 2017 -0400

    checking to make sure my handling works. Also fixed smthn

commit 78c726e0eedb72ada2f5694cf205d164b971f21a
Author: Xpost2000 <xpost2000cod@gmail.com>
Date:   Thu Aug 10 16:29:57 2017 -0400

    adds minor error handling to the level loader and etc.

commit 150e5a95ca51d952e3ea22793630269c3eb4ace0
Author: Xpost2000 <xpost2000cod@gmail.com>
Date:   Wed Aug 9 12:59:29 2017 -0400

    changes

commit e7c30bf0f3af38b9b89ab03e17d639be3e5d4c54
Author: Xpost2000 <xpost2000cod@gmail.com>
Date:   Wed Aug 9 12:43:42 2017 -0400

    fixed parallax scrolling objects.

commit cea29b16495b6ad45d6cf3cbf3787281273e6422
Author: Xpost2000 <xpost2000cod@gmail.com>
Date:   Tue Aug 8 15:27:06 2017 -0400

    added point aabb

commit 01a8dab0651279b11e25976dd74b08ad2cdad767
Author: Xpost2000 <xpost2000cod@gmail.com>
Date:   Sat Aug 5 15:29:32 2017 -0400

    made a new tileset

commit a9cf70ee1b880b18bebe312e3cbb9394a198e264
Author: Xpost2000 <xpost2000cod@gmail.com>
Date:   Wed Aug 2 00:43:54 2017 -0400

    fixed my nonsensical multiple statements into one.

commit 2b2096b8c3f3e3e3a3a71150ebd6cf77c078e765
Author: Xpost2000 <xpost2000cod@gmail.com>
Date:   Tue Aug 1 23:42:51 2017 -0400

    preparing setup for editor.

commit 2f33781ea428353474c7f13829c1045b4bcc3327
Author: Xpost2000 <xpost2000cod@gmail.com>
Date:   Tue Aug 1 23:36:00 2017 -0400

    changing windows makefile to prepare for editor. ( in a few weeks. )

commit 61c295ae2b261d07188dbaf6a1325c2fb95e13dc
Author: Xpost2000 <xpost2000cod@gmail.com>
Date:   Tue Aug 1 23:20:02 2017 -0400

    removed rect file. It's useless.

commit 2eadc93f37d5cc8fa7846c14eb942c8b0e9577e7
Author: Xpost2000 <xpost2000cod@gmail.com>
Date:   Tue Aug 1 23:18:34 2017 -0400

    Made a camera class.

commit 1c66e6aaf1074b9ca7f989b994250e2d6673a042
Author: Xpost2000 <xpost2000cod@gmail.com>
Date:   Tue Aug 1 17:08:59 2017 -0400

    the fade to black is correct this time.

commit e188cf0309371c8b5a01224b4064cdfd80ed269b
Author: Xpost2000 <xpost2000cod@gmail.com>
Date:   Tue Aug 1 16:37:32 2017 -0400

    yay for working level loading

commit eb8201bc9d4dac41db5122731bc10fba4102cc80
Author: Xpost2000 <xpost2000cod@gmail.com>
Date:   Tue Aug 1 15:51:02 2017 -0400

    Level loading actually worked.

commit a245526dca218aebf43df3fbdcc213cee0fadcab
Author: Xpost2000 <xpost2000cod@gmail.com>
Date:   Tue Aug 1 15:20:14 2017 -0400

    parallax scrolling objects made.

commit 662c5f5e668a62352c8b737e3c2121ca2e749b0d
Author: Xpost2000 <xpost2000cod@gmail.com>
Date:   Mon Jul 31 23:58:57 2017 -0400

    Recompiled on linux

commit ec3d964eef7f6baa151134ac6fe8bf245927a227
Author: Xpost2000 <xpost2000cod@gmail.com>
Date:   Mon Jul 31 22:57:26 2017 -0400

    trying parallax scrolling

commit 1cfe45e629d74c4dc1504d3d63efa04f403cd2c2
Author: Xpost2000 <xpost2000cod@gmail.com>
Date:   Mon Jul 31 18:30:17 2017 -0400

    at least it feels like a game.

commit d7b8c6a567d136a5fd1c5a6165e341e15f42269a
Author: Xpost2000 <xpost2000cod@gmail.com>
Date:   Mon Jul 31 16:31:18 2017 -0400

    texture manager also working

commit 8d7a72ba8aec3b09c1225af7486a44454f6d727e
Author: Xpost2000 <xpost2000cod@gmail.com>
Date:   Mon Jul 31 16:12:58 2017 -0400

    update

commit 840a22436f45bd84a0514fd7a39dcc8bf9899492
Author: Xpost2000 <xpost2000cod@gmail.com>
Date:   Mon Jul 31 15:58:36 2017 -0400

    confirming level list readings.

commit 14a084fb723e97c02e6f603243a09c4a41d2f9bf
Author: Xpost2000 <xpost2000cod@gmail.com>
Date:   Mon Jul 31 15:32:07 2017 -0400

    Config reader working as intended.

commit 90ad7f0fcfb3b0383e5522a8386c3f77d8375846
Author: Xpost2000 <xpost2000cod@gmail.com>
Date:   Mon Jul 31 14:55:53 2017 -0400

    Entity Manager.

commit 058e0bef55e173016da49e4b84e6ff87ff581ac9
Author: Xpost2000 <xpost2000cod@gmail.com>
Date:   Mon Jul 31 14:45:57 2017 -0400

    EntityManager created.

commit 2a8ff8c2ecf5809c72d9a0f9b6cedd5b3905f185
Author: Xpost2000 <xpost2000cod@gmail.com>
Date:   Mon Jul 31 14:05:46 2017 -0400

    Window class.

commit f49f4c093da77dbfe0e318b75efb4063d0df3036
Author: Xpost2000 <xpost2000cod@gmail.com>
Date:   Mon Jul 31 13:09:14 2017 -0400

    Singletons that work.

commit 8a89e3288005392f726417ec789677789c7f6a3c
Author: Xpost2000 <xpost2000cod@gmail.com>
Date:   Sun Jul 30 20:46:36 2017 -0400

    disable vsync for benchmarking purposes.

commit eacba664aaf84495ec1669f07e6315c357894fa5
Author: Xpost2000 <xpost2000cod@gmail.com>
Date:   Sun Jul 30 20:12:43 2017 -0400

    camera now works 100% correctly on many more resolutions :)

commit 333b467d593c181e0644deb014c2fcbba891008f
Author: Xpost2000 <xpost2000cod@gmail.com>
Date:   Sun Jul 30 20:04:03 2017 -0400

    Testing how I would read configs.

commit ab4e090a94be6b7d87c8dd2f4fd55d02eeb1fdaf
Author: Xpost2000 <xpost2000cod@gmail.com>
Date:   Sun Jul 30 19:49:20 2017 -0400

    stuff.

commit 5059b8e06224d934e2f20b467ba8cf26387495af
Author: Xpost2000 <xpost2000cod@gmail.com>
Date:   Sun Jul 30 19:47:41 2017 -0400

    checking if window resolution affects anything.

commit 3700810fe860dc09c58c762cfa8c2441cc16c82f
Author: Xpost2000 <xpost2000cod@gmail.com>
Date:   Sun Jul 30 19:41:27 2017 -0400

    camera works properly with limits.

commit 59543d9d878d22e5ef8680ac6d4084667bb852dc
Author: Xpost2000 <xpost2000cod@gmail.com>
Date:   Sun Jul 30 19:31:59 2017 -0400

    camera

commit 15320d4bad141adc32c623aaab312b2d94175513
Author: Xpost2000 <xpost2000cod@gmail.com>
Date:   Sun Jul 30 18:42:45 2017 -0400

    2D Camera prototype done well.

commit 33894ae9d7333395e06975cc1940b45a4f5c2178
Author: Xpost2000 <xpost2000cod@gmail.com>
Date:   Sun Jul 30 18:08:49 2017 -0400

    stuff

commit 3a7ad1b7d35b74c3a6cdf04ea340923cd1468da2
Author: Xpost2000 <xpost2000cod@gmail.com>
Date:   Sun Jul 30 17:02:10 2017 -0400

    AABBs can now be explicitly set. Instead of being entirely dependent on
    base properties.

commit b500d4e692b6395f06cd88ed53c247f8f00d19f9
Author: Xpost2000 <xpost2000cod@gmail.com>
Date:   Sun Jul 30 15:53:03 2017 -0400

    enemy state logging complete.

commit 6c23ebd08430780237e85d8cc8a368a0c36bfe28
Author: Xpost2000 <xpost2000cod@gmail.com>
Date:   Sun Jul 30 15:44:57 2017 -0400

    setting identification for blocks. For UV calculation and likely
    evaluating properties.

commit 7b1d51df6ef8bfbd373d5077a03e5b8fba058681
Author: Xpost2000 <xpost2000cod@gmail.com>
Date:   Sun Jul 30 15:37:24 2017 -0400

    Entity statemachine implemented. States are correctly evaluated.

commit 9e54f8786517d866c030db5721bab59e2b636d6c
Author: Xpost2000 <xpost2000cod@gmail.com>
Date:   Sun Jul 30 15:13:43 2017 -0400

    Code organization.

commit b35eb5cf75a989a13d83bbb54e5a87e153f907dd
Author: Xpost2000 <xpost2000cod@gmail.com>
Date:   Sun Jul 30 13:21:44 2017 -0400

    jumper added to society.

commit 8fb347895d083a7865016d44cabb59f0048182d3
Author: Xpost2000 <xpost2000cod@gmail.com>
Date:   Sun Jul 30 13:19:06 2017 -0400

    jumping enemies added in.

commit c57a7eb811056024702d47d3457941af47e2b939
Author: Xpost2000 <xpost2000cod@gmail.com>
Date:   Sun Jul 30 10:48:21 2017 -0400

    test level reader checks for possible errors.

commit 1d73ccb610ed1078968650e20e8b1ac002beb11e
Author: Xpost2000 <xpost2000cod@gmail.com>
Date:   Sun Jul 30 00:05:02 2017 -0400

    have a prototype for the level format. basic reader and convertor.

commit 9827e49be56254af41b9a35f0abe7579aa604db1
Author: Xpost2000 <xpost2000cod@gmail.com>
Date:   Sat Jul 29 22:17:00 2017 -0400

    Entity class added. Reduces code redundancy and lines written.

commit 492b465c38559b419b894d74d1faca77c631ba89
Author: Xpost2000 <xpost2000cod@gmail.com>
Date:   Fri Jul 28 00:11:54 2017 -0400

    platformy feel complete. Mostly.

commit abe1e0efba4d42bd7de6e2a13495097168dd3b0c
Author: Xpost2000 <xpost2000cod@gmail.com>
Date:   Fri Jul 28 00:04:44 2017 -0400

    fixed gravity and stomping. Now you die when you should die.

commit e3f32b67d7e229621798fcd4f1a639ddd66c70c3
Author: Xpost2000 <xpost2000cod@gmail.com>
Date:   Thu Jul 27 22:59:35 2017 -0400

    readjusting things.

commit e116a2ee176f4227f904e066d2456306fc4df680
Author: Xpost2000 <xpost2000cod@gmail.com>
Date:   Thu Jul 27 20:16:28 2017 -0400

    fixed comment that shouldn't be there

commit d67633fc10a26eeb2c4326a01a09a6ec977533a2
Author: Xpost2000 <xpost2000cod@gmail.com>
Date:   Thu Jul 27 19:51:56 2017 -0400

    slowed incineration to show effect

commit 198171012e6a7ac685278210a72cd8723c7461d7
Author: Xpost2000 <xpost2000cod@gmail.com>
Date:   Thu Jul 27 19:46:33 2017 -0400

    enemies incinerate when they die :)

commit 4688ccec8823e47da41dfc059a55712eaaae8fd0
Author: Xpost2000 <xpost2000cod@gmail.com>
Date:   Thu Jul 27 19:43:46 2017 -0400

    hacks in proper goomba jump collision LOLOLOLOLOLOL

commit 53630ca809972ecec18354bf5656540ddbd12f57
Author: Xpost2000 <xpost2000cod@gmail.com>
Date:   Thu Jul 27 18:28:52 2017 -0400

    kills enemy after jumping or standing on it.

commit 0f96f7b94d73c987405cbf59cd2ac1b64a794212
Author: Xpost2000 <xpost2000cod@gmail.com>
Date:   Thu Jul 27 18:20:35 2017 -0400

    Head bump bounce.

commit 944717d464336269eab409bb05f05c370ee203f9
Author: Xpost2000 <xpost2000cod@gmail.com>
Date:   Thu Jul 27 18:06:16 2017 -0400

    removed stans ability to jump.

commit 2acd19b1468e6648537b91cafc212798a33beec5
Author: Xpost2000 <xpost2000cod@gmail.com>
Date:   Thu Jul 27 18:05:05 2017 -0400

    stan the jumpy ai.

commit e0ea90b676faf6cefc2a4ccc31d8bf3ecf65e10c
Author: Xpost2000 <xpost2000cod@gmail.com>
Date:   Thu Jul 27 16:58:16 2017 -0400

    rebuilt for linux

commit a6e00c7aadb49ddb2048077ff09a005e8cd5b038
Author: Xpost2000 <xpost2000cod@gmail.com>
Date:   Thu Jul 27 16:47:34 2017 -0400

    Block class implemented.

commit 42f0bb7b453db2c2b95f40648abda63c72c12bc1
Author: Xpost2000 <xpost2000cod@gmail.com>
Date:   Thu Jul 27 16:24:51 2017 -0400

    Player handles it's own input

commit 3a9171238cde8dbd3cf0f8205bc7b1899cfff91d
Author: Xpost2000 <xpost2000cod@gmail.com>
Date:   Thu Jul 27 16:21:10 2017 -0400

    player is in it's own class.

commit 5a20267b8398dad3c5a8090eee1bc98d02caf90b
Author: Xpost2000 <xpost2000cod@gmail.com>
Date:   Thu Jul 27 15:53:36 2017 -0400

    Do it manual without entity class.

commit 00c7f4872948eb480536a8606d9518a79b66d618
Author: Xpost2000 <xpost2000cod@gmail.com>
Date:   Thu Jul 27 11:48:33 2017 -0400

    preparing for a huge entity class. I should learn component based stuff.

commit 4ba02f93f7b0898831a8d4f856f4249768f1cae9
Author: Xpost2000 <xpost2000cod@gmail.com>
Date:   Thu Jul 27 11:39:49 2017 -0400

    fixed jumping in air if was previously touching ground

commit 5e3bfda3b62f4e5326d2e81b1a66b51c7fd60b7a
Author: Xpost2000 <xpost2000cod@gmail.com>
Date:   Wed Jul 26 22:58:32 2017 -0400

    organizing game file hierachy

commit 742059129225f5f317762b81aeb0186503047cbd
Author: Xpost2000 <xpost2000cod@gmail.com>
Date:   Wed Jul 26 17:49:04 2017 -0400

    Jumping enhanced

commit 4037981d8302c91bbe690491e3cd69b7ca7787fe
Author: Xpost2000 <xpost2000cod@gmail.com>
Date:   Wed Jul 26 14:00:30 2017 -0400

    pass a glitch off as feature.

commit 73f0f8e92544a5ecbfe30d62d09b21c39dc43e1e
Author: Xpost2000 <xpost2000cod@gmail.com>
Date:   Wed Jul 26 13:51:46 2017 -0400

    Proper jump implemented :)

commit 7684f4b9655dd40364c0d786c0906596106e1be0
Author: Xpost2000 <xpost2000cod@gmail.com>
Date:   Wed Jul 26 13:48:48 2017 -0400

    jumping. Sort of.

commit 6cd9dab8f7d8feb4cbc5c9d7e7e679d6d691d091
Author: Xpost2000 <xpost2000cod@gmail.com>
Date:   Wed Jul 26 13:40:32 2017 -0400

    using predictive movement I did it!

commit 6eeb5a39c7dff28845dfcad42e6547f483011c06
Author: Xpost2000 <xpost2000cod@gmail.com>
Date:   Wed Jul 26 12:50:59 2017 -0400

    resets to blankslate

commit bde3330f04165f258a075812bea38a09b4320b6a
Author: Xpost2000 <xpost2000cod@gmail.com>
Date:   Tue Jul 25 20:10:24 2017 -0400

    TODO: do physics.

commit 0b26049c8eb7e52bea1ce53e5d00321ed0014a10
Author: Xpost2000 <xpost2000cod@gmail.com>
Date:   Tue Jul 25 19:32:33 2017 -0400

    physics. sort of working.

commit a1fadaeb891f1b50847b0a1f6091202980c13013
Author: Xpost2000 <xpost2000cod@gmail.com>
Date:   Tue Jul 25 18:24:34 2017 -0400

    getting ready for game dev mode.

commit 2aa5388e3bca0ce1ceb88ac8458ed93057b0d3a1
Author: Xpost2000 <xpost2000cod@gmail.com>
Date:   Tue Jul 25 10:55:50 2017 -0400

    trying to optimize.

commit 835c2a6238fd258756b92745864c1223e21b538a
Author: Xpost2000 <xpost2000cod@gmail.com>
Date:   Tue Jul 25 10:40:18 2017 -0400

    readibility reasons

commit 115685e7397dc6fec3806d2bae701a6b513443fa
Author: Xpost2000 <xpost2000cod@gmail.com>
Date:   Tue Jul 25 10:08:24 2017 -0400

    I laugh at RBG see(LightShader.cpp)

commit 7fb6e7f08b7b62939fd5054c96f11021edbef1b3
Author: Xpost2000 <xpost2000cod@gmail.com>
Date:   Mon Jul 24 23:40:59 2017 -0400

    each os logs into own folder
    ear Please enter the commit message for your changes. Lines starting

commit d41825244b7a5b5f94f084434233110cca1729d8
Author: Xpost2000 <xpost2000cod@gmail.com>
Date:   Mon Jul 24 23:35:18 2017 -0400

    builds now log output to file. Get git logs

commit 73c23b94a590cdf8ae164e99627c0f8913e5082e
Author: Xpost2000 <xpost2000cod@gmail.com>
Date:   Mon Jul 24 23:13:37 2017 -0400

    Commenting comments.

commit 7ca39a08f8d7259eebc0fc48ce0c9239bf59a467
Author: Xpost2000 <xpost2000cod@gmail.com>
Date:   Mon Jul 24 22:57:39 2017 -0400

    completed the vector classes.

commit 47bc27d3ab53c96d9989b9ee44808593a27408d1
Author: Xpost2000 <xpost2000cod@gmail.com>
Date:   Mon Jul 24 22:50:51 2017 -0400

    made vectors more modifable.

commit 8aa3ff6ecf46c6ac565e8af26e8dd6519abf044a
Author: Xpost2000 <xpost2000cod@gmail.com>
Date:   Mon Jul 24 22:48:21 2017 -0400

    Rebuilt for linux. Fixed line endings(linux script)

commit 6ec122521d297a1f6114ce8cdfe481acb8cc3b33
Author: Xpost2000 <xpost2000cod@gmail.com>
Date:   Mon Jul 24 18:37:53 2017 -0400

    Rebuilt for linux

commit 827b2c87928488885b61fba7982e1bab7d4c5386
Author: Xpost2000 <xpost2000cod@gmail.com>
Date:   Mon Jul 24 18:07:19 2017 -0400

    Particle Renderer added.

commit 9fe52cef361dbb0057ae133dd987ef07142fd515
Author: Xpost2000 <xpost2000cod@gmail.com>
Date:   Mon Jul 24 17:49:00 2017 -0400

    10/10 demo. Lags pc sort of

commit d2358858ad6e56d2f9d6d0da483a1c85d8392eb6
Author: Xpost2000 <xpost2000cod@gmail.com>
Date:   Mon Jul 24 17:25:54 2017 -0400

    Lighting shader added

commit acc74fab596bf752af77e6c15751eef18f7495c6
Author: Xpost2000 <xpost2000cod@gmail.com>
Date:   Mon Jul 24 16:45:50 2017 -0400

    Particle (Simple) Complete

commit 9be06d5c01260797e5ad30c820381fc37fb96525
Author: Xpost2000 <xpost2000cod@gmail.com>
Date:   Mon Jul 24 15:43:06 2017 -0400

    Prototype particle gen

commit 33cf6d914369a31ce3af972f0fa06df5b8836315
Author: Xpost2000 <xpost2000cod@gmail.com>
Date:   Sun Jul 23 22:43:12 2017 -0400

    testing additive blending. TODO: FUNC ADD

commit 2fb55e0ea9e35f47bc18cd31f7ad7c82e3914778
Author: Xpost2000 <xpost2000cod@gmail.com>
Date:   Sun Jul 23 22:28:41 2017 -0400

    for rng. Boost is used on windows. standard for lx

commit a7d74e8de0799c9ff2cb43c72c816e8b590d5391
Author: Xpost2000 <xpost2000cod@gmail.com>
Date:   Sun Jul 23 21:51:44 2017 -0400

    preparing for boost random.

commit 72960c64035573e5402cdf9d0858c651b94daf94
Author: Xpost2000 <xpost2000cod@gmail.com>
Date:   Thu Jul 20 14:55:38 2017 -0400

    post processor tihgn

commit a471ad84604d1acedf6e4e247a35ef8bc9846d7c
Author: Xpost2000 <xpost2000cod@gmail.com>
Date:   Thu Jul 20 14:53:41 2017 -0400

    rebuilt current demo for linux

commit 714f0ae4cc6bb50765bff621b64d52745963faa3
Author: Xpost2000 <xpost2000cod@gmail.com>
Date:   Thu Jul 20 13:46:29 2017 -0400

    Changed demo slightly

commit c2ad689ffadbdacb153beccf4f5938f554e78b83
Author: Xpost2000 <xpost2000cod@gmail.com>
Date:   Thu Jul 20 13:24:13 2017 -0400

    lazily added alpha blending.

commit 53f527454346f59f5228372acc4140e0170046e7
Author: Xpost2000 <xpost2000cod@gmail.com>
Date:   Thu Jul 20 13:14:38 2017 -0400

    Spritebatcher now takes vec4 for color.

commit 9d0782a50885243acc09f0ebb65737803f81e680
Author: Xpost2000 <xpost2000cod@gmail.com>
Date:   Thu Jul 20 13:11:57 2017 -0400

    Vec4 is now a class + painless convert.

commit ee5d443ca3203b3c675033677d8a5d9685916fa0
Author: Xpost2000 <xpost2000cod@gmail.com>
Date:   Thu Jul 20 12:40:43 2017 -0400

    ImageTexture : loads images into a bitmap to tex

commit 7acf7b38b04ab044ac6ed41e9643d25e4debdd37
Author: Xpost2000 <xpost2000cod@gmail.com>
Date:   Thu Jul 20 11:46:42 2017 -0400

    I just found out about a mingw bug... f**k.

commit e32c26bf0213ab2ce0e47db1613bd1a891633f97
Author: Xpost2000 <xpost2000cod@gmail.com>
Date:   Thu Jul 20 10:58:32 2017 -0400

    adds random number class.

commit 3e3e2dc64c85b2010f46d87aab2ea4cb0cbc84f3
Author: Xpost2000 <xpost2000cod@gmail.com>
Date:   Wed Jul 19 23:55:01 2017 -0400

    Added delay to prototype.

commit cb1ba6281d31af8b42fdeaa56160dbf6f5f2d355
Author: Xpost2000 <xpost2000cod@gmail.com>
Date:   Wed Jul 19 23:40:55 2017 -0400

    particle prototype

commit 0bb4926fb356df1c751572f78a78c6d45ecb67a3
Author: Xpost2000 <xpost2000cod@gmail.com>
Date:   Wed Jul 19 18:14:19 2017 -0400

    Minecraft style demo

commit 04656cdacec1d285bb0cc63c1e34540c8205a3d3
Author: Xpost2000 <xpost2000cod@gmail.com>
Date:   Wed Jul 19 17:06:16 2017 -0400

    fixed postprocessor bug

commit c36e5b9559a73a632ad2c46a205440f8abb921cb
Author: Xpost2000 <xpost2000cod@gmail.com>
Date:   Wed Jul 19 16:45:47 2017 -0400

    removes unnecessary thing

commit 96b9f0f2e5da1cf521d65bbce47997159017d9d5
Author: Xpost2000 <xpost2000cod@gmail.com>
Date:   Wed Jul 19 16:45:19 2017 -0400

    Postprocessor class added.

commit 293735913519514c31be5dcd1988bc218c4dfd1e
Author: Xpost2000 <xpost2000cod@gmail.com>
Date:   Wed Jul 19 16:02:14 2017 -0400

    Shortened demo.

commit cbf3492dd61b3ee52915dd144499846ccbb1d172
Author: Xpost2000 <xpost2000cod@gmail.com>
Date:   Wed Jul 19 16:00:38 2017 -0400

    Sprite Batcher added and using glm..

commit 4b8f01ae79c1f0364c4d2dcd075d83adcaaf0734
Author: Xpost2000 <xpost2000cod@gmail.com>
Date:   Wed Jul 19 14:23:31 2017 -0400

    DefaultShader Added.

commit 2a270398fa233ae6802a111eca6ddb360473516d
Author: Xpost2000 <xpost2000cod@gmail.com>
Date:   Tue Jul 18 15:50:23 2017 -0400

    added post processor shader interface.

commit 71caffe55860d33f061ec54a82c3c95c5be7e9d1
Author: Xpost2000 <xpost2000cod@gmail.com>
Date:   Tue Jul 18 15:29:34 2017 -0400

    Convience and readability stuff.

commit cf311f80381a1d32561800c62400d02baf89a8a7
Author: Xpost2000 <xpost2000cod@gmail.com>
Date:   Tue Jul 18 14:26:37 2017 -0400

    TODO: Fix state changes.

commit d482ec07c7ac790a817aef85e74fb5f00e463a78
Author: Xpost2000 <xpost2000cod@gmail.com>
Date:   Sun Jul 16 18:24:32 2017 -0400

    Linux build updated with latest demo

commit 87d9ea46616db18887800f3da9e62835544dfffc
Author: Xpost2000 <xpost2000cod@gmail.com>
Date:   Sun Jul 16 18:24:02 2017 -0400

    Last linux makefile fix.

commit a89b1e5919fe9ce3d240f4e06b7512e07f50b16c
Author: Xpost2000 <xpost2000cod@gmail.com>
Date:   Sun Jul 16 13:46:58 2017 -0400

    FBO test. Works. TODO: Visitor pattern

commit c15cc06dc60cc88acad0631a6517d20c0570dcdd
Author: Xpost2000 <xpost2000cod@gmail.com>
Date:   Sun Jul 16 13:11:50 2017 -0400

    Framebuffer hopefully complete ???

commit 76fbaad172a674021bdb51f50a0806fc8eeb71fa
Author: Xpost2000 <xpost2000cod@gmail.com>
Date:   Sun Jul 16 13:07:44 2017 -0400

    implementing more fbo and rbo funcs

commit 16e5c5a7ecb50e2a99e0b4f8daf99b88c87a854a
Author: Xpost2000 <xpost2000cod@gmail.com>
Date:   Sun Jul 16 12:19:10 2017 -0400

    Added device constructors for Framebuffer and rbo

commit 8b68d3085ed7e43434a2fcd9984ccb0a2ec3393d
Author: Xpost2000 <xpost2000cod@gmail.com>
Date:   Sun Jul 16 12:12:31 2017 -0400

    Framebuffer and Renderbuffer / Postprocess part 1.

commit 580c603dc27bbe44da34fc612e4c6019e2e78bd8
Author: Xpost2000 <xpost2000cod@gmail.com>
Date:   Sun Jul 16 11:56:23 2017 -0400

    ensuring correctness.

commit 6388d5dc7c22de8ac64b6659181d389413d014d5
Author: Xpost2000 <xpost2000cod@gmail.com>
Date:   Sat Jul 15 19:05:07 2017 -0400

    mountainy mountain with skies

commit 0912daaa00097b87bcd9076d0ce5ab637612f83e
Author: Xpost2000 <xpost2000cod@gmail.com>
Date:   Sat Jul 15 18:33:02 2017 -0400

    mountainy mountain scene for testing.

commit eafeade299dc8b8dea0e9a902380f1d75aaedd1d
Author: Xpost2000 <xpost2000cod@gmail.com>
Date:   Sat Jul 15 15:03:12 2017 -0400

    update?

commit 19100a4722fce13dc3851e0dc730c4eac45528ef
Author: Xpost2000 <xpost2000cod@gmail.com>
Date:   Sat Jul 15 10:33:48 2017 -0400

    Fixed linux makefile.

commit 693f805ffb4887ee12b4c91a97a664291d5d30b8
Author: Xpost2000 <xpost2000cod@gmail.com>
Date:   Sat Jul 15 10:32:14 2017 -0400

    Visitor Textures

commit 7722fadc2c5d9e5ac10f7ba54acfd03e93bd57e6
Author: Xpost2000 <xpost2000cod@gmail.com>
Date:   Fri Jul 14 21:32:04 2017 -0400

    Easier constructor overload.

commit 47c7af8b4421a747df0c72561d210ce11061ef4f
Author: Xpost2000 <xpost2000cod@gmail.com>
Date:   Fri Jul 14 19:55:49 2017 -0400

    Fixed error in typedef headers.

commit d716314fc24769883da061b89fb5437fd36c3ae4
Author: Xpost2000 <xpost2000cod@gmail.com>
Date:   Fri Jul 14 19:52:41 2017 -0400

    Commented and more clear files.

commit 80cff05a6cfa18ddcb589feaf7f9055cab8c5207
Author: Xpost2000 <xpost2000cod@gmail.com>
Date:   Fri Jul 14 19:35:49 2017 -0400

    testing std maps with std::string.

commit 49a3b21bcbe80565cfea7ecbd0204fc0553df815
Author: Xpost2000 <xpost2000cod@gmail.com>
Date:   Fri Jul 14 19:21:45 2017 -0400

    SDL surface image raii wrapper cause I'm lazy

commit d45c337cd4064f473905625876c8de1c3896d9a4
Author: Xpost2000 <xpost2000cod@gmail.com>
Date:   Fri Jul 14 18:58:19 2017 -0400

    Bitmap test

commit 46ad37d9d594d53508790680152160bc2210688d
Author: Xpost2000 <xpost2000cod@gmail.com>
Date:   Fri Jul 14 18:53:57 2017 -0400

    Texture class added.

commit e313d593c4f1746195629f00b38bc527804dcd67
Author: Xpost2000 <xpost2000cod@gmail.com>
Date:   Fri Jul 14 17:56:51 2017 -0400

    Bitmap class created.

commit 805843017297428c3b22a1eb3f93b6b8d3c1b318
Author: Xpost2000 <xpost2000cod@gmail.com>
Date:   Fri Jul 14 14:42:20 2017 -0400

    Radians and degrees functions are C linked.

commit f265990c6c533ce7ec56a7bfd57ba3bb44852eff
Author: Xpost2000 <xpost2000cod@gmail.com>
Date:   Fri Jul 14 14:37:06 2017 -0400

    Comment

commit e48a334e159790cbbdc0b6b78b46fe393d25367b
Author: Xpost2000 <xpost2000cod@gmail.com>
Date:   Fri Jul 14 14:34:15 2017 -0400

    Addded my own math library. C++14 mode enabled.

commit 8b1e9c313869c5f84a07005610ce0b8e22291e34
Author: Xpost2000 <xpost2000cod@gmail.com>
Date:   Thu Jul 13 16:24:38 2017 -0400

    Added typedef header for smrtpointer typedefs

commit 24ebd44ef9ef59c136c8990f9ba3d80c30341972
Author: Xpost2000 <xpost2000cod@gmail.com>
Date:   Thu Jul 13 16:02:02 2017 -0400

    Added ShaderUniform class. Surprisingly works...

commit bf427d85b5273dbef6f5bfc65e280596b53aa6ce
Author: Xpost2000 <xpost2000cod@gmail.com>
Date:   Thu Jul 13 15:18:43 2017 -0400

    Triangle Demo 2.0 Colors Edition

commit ac2bd16b6c8ca3ac522c6e6db220f5427406b82f
Author: Xpost2000 <xpost2000cod@gmail.com>
Date:   Thu Jul 13 15:10:49 2017 -0400

    Shader Program finished and hopefully works.

commit e9a94f028d00f7cde55f64228026bb76d3415c96
Author: Xpost2000 <xpost2000cod@gmail.com>
Date:   Thu Jul 13 15:02:57 2017 -0400

    ShaderProgram class added in.

commit 7ce4394999ded7f431e70a4227faefb8a480b51a
Author: Xpost2000 <xpost2000cod@gmail.com>
Date:   Thu Jul 13 14:30:56 2017 -0400

    You may ask for an info log from the shader

commit bb41d073c6b0a99ab3cb9f800886ff65b55172c8
Author: Xpost2000 <xpost2000cod@gmail.com>
Date:   Thu Jul 13 14:04:54 2017 -0400

    Shader standalone complete

commit a7c2bd6b9eda2719b48ab4ba79e50da802db640a
Author: Xpost2000 <xpost2000cod@gmail.com>
Date:   Thu Jul 13 13:58:27 2017 -0400

    Changed Shader to take std::string so it may work with raw literals

commit bdb46e3cf7f4e19c69967758c8271547114ae641
Author: Xpost2000 <xpost2000cod@gmail.com>
Date:   Thu Jul 13 13:56:55 2017 -0400

    Shaders part 1.

commit 497387909b524f40c9dafac8306347912e215c1f
Author: Xpost2000 <xpost2000cod@gmail.com>
Date:   Thu Jul 13 13:21:57 2017 -0400

    Derived Objects implement Comparable.

commit 5b469d4d23112027d32897051db4409544b0faa5
Author: Xpost2000 <xpost2000cod@gmail.com>
Date:   Thu Jul 13 00:23:54 2017 -0400

    Make all derived objects comparable TODO:

commit 1c2c34244a6311e637a94990d0c9b525d2343589
Author: Xpost2000 <xpost2000cod@gmail.com>
Date:   Thu Jul 13 00:11:30 2017 -0400

    More consistent naming style

commit 35f65197d4f266ee7bfff1d7d4f1e0c51b4d05f7
Author: Xpost2000 <xpost2000cod@gmail.com>
Date:   Thu Jul 13 00:02:31 2017 -0400

    Fixed GetInteger64 ( diff typedef for lin and win)

commit e5a43a58780ffbc6c43d63aff8f24c0cb112b56d
Author: Xpost2000 <xpost2000cod@gmail.com>
Date:   Wed Jul 12 19:25:58 2017 -0400

    New Triangle (LINUX)Demo

commit 89b8df59d07885259c7fb1701dde3c8806c8f1d0
Author: Xpost2000 <xpost2000cod@gmail.com>
Date:   Wed Jul 12 19:24:56 2017 -0400

    Twin Tris demo

commit 152de61157fabbad0f3a2fd4cb014803d8741d3a
Author: Xpost2000 <xpost2000cod@gmail.com>
Date:   Wed Jul 12 18:50:27 2017 -0400

    Added convient shell scripts

commit a817b837c50ab6e21266b1958823cfccf29838c0
Author: Xpost2000 <xpost2000cod@gmail.com>
Date:   Wed Jul 12 18:47:59 2017 -0400

    Added windows build-script

commit 5e93757d870fbd69accb185b73f43a74cf5fb522
Author: Xpost2000 <xpost2000cod@gmail.com>
Date:   Wed Jul 12 18:46:58 2017 -0400

    Added Linux Build Script

commit 542629f6d6c4d6211fc3d2518fa0f074d6747f52
Author: Xpost2000 <xpost2000cod@gmail.com>
Date:   Wed Jul 12 18:39:09 2017 -0400

    inital commit. Linux + Windows 1.0
